Using pre-set license
Built from '2021.3/china_unity/release' branch; Version is '2021.3.34f1c1 (9b1d5b08fe8a) revision 10165595'; Using compiler version '192829333'; Build Type 'Release'
OS: 'Windows 11  (10.0.22631) 64bit Core' Language: 'zh' Physical Memory: 16088 MB
BatchMode: 1, IsHumanControllingUs: 0, StartBugReporterOnCrash: 0, Is64bit: 1, IsPro: 1

COMMAND LINE ARGUMENTS:
G:\Unity_Editor\2021.3.34f1c1\Editor\Unity.exe
-adb2
-batchMode
-noUpm
-name
AssetImportWorker0
-projectPath
G:/2.5dgame/game and game
-logFile
Logs/AssetImportWorker0.log
-srvPort
65396
Successfully changed project path to: G:/2.5dgame/game and game
G:/2.5dgame/game and game
[UnityMemory] Configuration Parameters - Can be set up in boot.config
    "memorysetup-bucket-allocator-granularity=16"
    "memorysetup-bucket-allocator-bucket-count=8"
    "memorysetup-bucket-allocator-block-size=33554432"
    "memorysetup-bucket-allocator-block-count=8"
    "memorysetup-main-allocator-block-size=16777216"
    "memorysetup-thread-allocator-block-size=16777216"
    "memorysetup-gfx-main-allocator-block-size=16777216"
    "memorysetup-gfx-thread-allocator-block-size=16777216"
    "memorysetup-cache-allocator-block-size=4194304"
    "memorysetup-typetree-allocator-block-size=2097152"
    "memorysetup-profiler-bucket-allocator-granularity=16"
    "memorysetup-profiler-bucket-allocator-bucket-count=8"
    "memorysetup-profiler-bucket-allocator-block-size=33554432"
    "memorysetup-profiler-bucket-allocator-block-count=8"
    "memorysetup-profiler-allocator-block-size=16777216"
    "memorysetup-profiler-editor-allocator-block-size=1048576"
    "memorysetup-temp-allocator-size-main=16777216"
    "memorysetup-job-temp-allocator-block-size=2097152"
    "memorysetup-job-temp-allocator-block-size-background=1048576"
    "memorysetup-job-temp-allocator-reduction-small-platforms=262144"
    "memorysetup-temp-allocator-size-background-worker=32768"
    "memorysetup-temp-allocator-size-job-worker=262144"
    "memorysetup-temp-allocator-size-preload-manager=33554432"
    "memorysetup-temp-allocator-size-nav-mesh-worker=65536"
    "memorysetup-temp-allocator-size-audio-worker=65536"
    "memorysetup-temp-allocator-size-cloud-worker=32768"
    "memorysetup-temp-allocator-size-gi-baking-worker=262144"
    "memorysetup-temp-allocator-size-gfx=262144"
Player connection [11708] Host "[IP] 192.168.227.1 [Port] 0 [Flags] 2 [Guid] 1795453801 [EditorId] 1795453801 [Version] 1048832 [Id] WindowsEditor(7,Father-Future) [Debug] 1 [PackageName] WindowsEditor [ProjectName] Editor" joined multi-casting on [225.0.0.222:54997]...

Player connection [11708] Host "[IP] 192.168.227.1 [Port] 0 [Flags] 2 [Guid] 1795453801 [EditorId] 1795453801 [Version] 1048832 [Id] WindowsEditor(7,Father-Future) [Debug] 1 [PackageName] WindowsEditor [ProjectName] Editor" joined alternative multi-casting on [225.0.0.222:34997]...

AS: AutoStreaming module initializing.
[Physics::Module] Initialized MultithreadedJobDispatcher with {0} workers.
Refreshing native plugins compatible for Editor in 75.12 ms, found 3 plugins.
Preloading 0 native plugins for Editor in 0.00 ms.
Initialize engine version: 2021.3.34f1c1 (9b1d5b08fe8a)
[Subsystems] Discovering subsystems at path G:/Unity_Editor/2021.3.34f1c1/Editor/Data/Resources/UnitySubsystems
[Subsystems] Discovering subsystems at path G:/2.5dgame/game and game/Assets
GfxDevice: creating device client; threaded=0; jobified=0
Direct3D:
    Version:  Direct3D 11.0 [level 11.1]
    Renderer: NVIDIA GeForce RTX 3060 Laptop GPU (ID=0x2520)
    Vendor:   NVIDIA
    VRAM:     5996 MB
    Driver:   31.0.15.5161
Initialize mono
Mono path[0] = 'G:/Unity_Editor/2021.3.34f1c1/Editor/Data/Managed'
Mono path[1] = 'G:/Unity_Editor/2021.3.34f1c1/Editor/Data/MonoBleedingEdge/lib/mono/unityjit-win32'
Mono config path = 'G:/Unity_Editor/2021.3.34f1c1/Editor/Data/MonoBleedingEdge/etc'
Using monoOptions --debugger-agent=transport=dt_socket,embedding=1,server=y,suspend=n,address=127.0.0.1:56564
Begin MonoManager ReloadAssembly
Registering precompiled unity dll's ...
Register platform support module: G:/Unity_Editor/2021.3.34f1c1/Editor/Data/PlaybackEngines/WindowsStandaloneSupport/UnityEditor.WindowsStandalone.Extensions.dll
Registered in 0.002314 seconds.
Native extension for WindowsStandalone target not found
Refreshing native plugins compatible for Editor in 71.45 ms, found 3 plugins.
Preloading 0 native plugins for Editor in 0.00 ms.
Mono: successfully reloaded assembly
- Completed reload, in  0.719 seconds
Domain Reload Profiling:
	ReloadAssembly (720ms)
		BeginReloadAssembly (118ms)
			ExecutionOrderSort (0ms)
			DisableScriptedObjects (0ms)
			BackupInstance (0ms)
			ReleaseScriptingObjects (0ms)
			CreateAndSetChildDomain (1ms)
		EndReloadAssembly (492ms)
			LoadAssemblies (115ms)
			RebuildTransferFunctionScriptingTraits (0ms)
			SetupTypeCache (121ms)
			ReleaseScriptCaches (0ms)
			RebuildScriptCaches (32ms)
			SetupLoadedEditorAssemblies (286ms)
				LogAssemblyErrors (0ms)
				InitializePlatformSupportModulesInManaged (7ms)
				SetLoadedEditorAssemblies (0ms)
				RefreshPlugins (72ms)
				BeforeProcessingInitializeOnLoad (1ms)
				ProcessInitializeOnLoadAttributes (156ms)
				ProcessInitializeOnLoadMethodAttributes (50ms)
				AfterProcessingInitializeOnLoad (0ms)
				EditorAssembliesLoaded (0ms)
			ExecutionOrderSort2 (0ms)
			AwakeInstancesAfterBackupRestoration (0ms)
Platform modules already initialized, skipping
Registering precompiled user dll's ...
Registered in 0.009667 seconds.
Begin MonoManager ReloadAssembly
Native extension for WindowsStandalone target not found
Refreshing native plugins compatible for Editor in 0.49 ms, found 3 plugins.
Preloading 0 native plugins for Editor in 0.00 ms.
Package Manager log level set to [2]
[Package Manager] Server::EnsureServerProcessIsRunning -- launch failed, reason: Unity was launched with the -noUpm command-line argument
[Package Manager] Cannot connect to Unity Package Manager local server
Mono: successfully reloaded assembly
- Completed reload, in  1.659 seconds
Domain Reload Profiling:
	ReloadAssembly (1660ms)
		BeginReloadAssembly (148ms)
			ExecutionOrderSort (0ms)
			DisableScriptedObjects (7ms)
			BackupInstance (0ms)
			ReleaseScriptingObjects (0ms)
			CreateAndSetChildDomain (26ms)
		EndReloadAssembly (1400ms)
			LoadAssemblies (115ms)
			RebuildTransferFunctionScriptingTraits (0ms)
			SetupTypeCache (286ms)
			ReleaseScriptCaches (0ms)
			RebuildScriptCaches (54ms)
			SetupLoadedEditorAssemblies (930ms)
				LogAssemblyErrors (0ms)
				InitializePlatformSupportModulesInManaged (4ms)
				SetLoadedEditorAssemblies (0ms)
				RefreshPlugins (1ms)
				BeforeProcessingInitializeOnLoad (77ms)
				ProcessInitializeOnLoadAttributes (814ms)
				ProcessInitializeOnLoadMethodAttributes (25ms)
				AfterProcessingInitializeOnLoad (8ms)
				EditorAssembliesLoaded (0ms)
			ExecutionOrderSort2 (0ms)
			AwakeInstancesAfterBackupRestoration (8ms)
Platform modules already initialized, skipping
========================================================================
Worker process is ready to serve import requests
Launched and connected shader compiler UnityShaderCompiler.exe after 0.08 seconds
Refreshing native plugins compatible for Editor in 0.78 ms, found 3 plugins.
Preloading 0 native plugins for Editor in 0.00 ms.
Unloading 3075 Unused Serialized files (Serialized files now loaded: 0)
Unloading 23 unused Assets / (46.7 KB). Loaded Objects now: 3535.
Memory consumption went from 113.1 MB to 113.1 MB.
Total: 7.141300 ms (FindLiveObjects: 0.523900 ms CreateObjectMapping: 0.186100 ms MarkObjects: 6.349700 ms  DeleteObjects: 0.079700 ms)

AssetImportParameters requested are different than current active one (requested -> active):
  custom:video-decoder-ogg-theora: a1e56fd34408186e4bbccfd4996cb3dc -> 
  custom:container-muxer-webm: aa71ff27fc2769a1b78a27578f13a17b -> 
  custom:container-demuxer-webm: 4f35f7cbe854078d1ac9338744f61a02 -> 
  custom:video-encoder-webm-vp8: eb34c28f22e8b96e1ab97ce403110664 -> 
  custom:video-codec-MediaFoundation-h265: 746d11721c4dcdbdad8f713fa42b33f4 -> 
  custom:CustomObjectIndexerAttribute: bc11b3a6c3213fcdd17b65e7da85e133 -> 
  custom:audio-encoder-webm-vorbis: bf7c407c2cedff20999df2af8eb42d56 -> 
  custom:framework-win-MediaFoundation: 216162199b28c13a410421893ffa2e32 -> 
  custom:SearchIndexIgnoredProperties: e643bd26f0fe6173181afceb89e7c659 -> 
  custom:container-demuxer-ogg: 62fdf1f143b41e24485cea50d1cbac27 -> 
  custom:video-decoder-webm-vp8: 9c59270c3fd7afecdb556c50c9e8de78 -> 
  custom:audio-decoder-ogg-vorbis: bf7c407c2cedff20999df2af8eb42d56 -> 
========================================================================
Received Import Request.
  Time since last request: 15111.889781 seconds.
  path: Packages/com.unity.testtools.codecoverage/package.json
  artifactKey: Guid(ba7d60725b0ec604698819352642be89) Importer(815301076,1909f56bfc062723c751e8b465ee728b)
Number of updated assets reloaded before import = 0
Start importing Packages/com.unity.testtools.codecoverage/package.json using Guid(ba7d60725b0ec604698819352642be89) Importer(815301076,1909f56bfc062723c751e8b465ee728b)  -> (artifact id: 'a48155b2dd9b835d38858fe7f253a0a9') in 0.055701 seconds 
Number of asset objects unloaded after import = 1
========================================================================
Received Import Request.
  Time since last request: 0.000092 seconds.
  path: Packages/com.unity.textmeshpro/package.json
  artifactKey: Guid(220e9325710f4235a43492dd1ee4980d) Importer(815301076,1909f56bfc062723c751e8b465ee728b)
Number of updated assets reloaded before import = 0
Start importing Packages/com.unity.textmeshpro/package.json using Guid(220e9325710f4235a43492dd1ee4980d) Importer(815301076,1909f56bfc062723c751e8b465ee728b)  -> (artifact id: '7f445814511be1caffb984507b3a4793') in 0.006102 seconds 
Number of asset objects unloaded after import = 1
========================================================================
Received Import Request.
  Time since last request: 0.000023 seconds.
  path: Packages/com.unity.ide.rider/package.json
  artifactKey: Guid(66c95bb3c74257f41bae2622511dc02d) Importer(815301076,1909f56bfc062723c751e8b465ee728b)
Number of updated assets reloaded before import = 0
Start importing Packages/com.unity.ide.rider/package.json using Guid(66c95bb3c74257f41bae2622511dc02d) Importer(815301076,1909f56bfc062723c751e8b465ee728b)  -> (artifact id: '646b0106943ed74935c9a7a0c7547c0c') in 0.003473 seconds 
Number of asset objects unloaded after import = 1
========================================================================
Received Import Request.
  Time since last request: 39.236544 seconds.
  path: Assets/Cainos/Pixel Art Top Down - Basic/Prefab/Plant/PF Flower.prefab
  artifactKey: Guid(c6d86ec8825b7674a9736d1cb0cd98a2) Importer(815301076,1909f56bfc062723c751e8b465ee728b)
Number of updated assets reloaded before import = 0
Start importing Assets/Cainos/Pixel Art Top Down - Basic/Prefab/Plant/PF Flower.prefab using Guid(c6d86ec8825b7674a9736d1cb0cd98a2) Importer(815301076,1909f56bfc062723c751e8b465ee728b)  -> (artifact id: 'a1c78ed2decb1731fa28a08aedf73aab') in 0.222551 seconds 
Number of asset objects unloaded after import = 7
========================================================================
Received Import Request.
  Time since last request: 0.000049 seconds.
  path: Assets/Cainos/Pixel Art Top Down - Basic/Prefab/Plant/PF Grass I.prefab
  artifactKey: Guid(424ccba55881d2743a04e1f1a4947e4c) Importer(815301076,1909f56bfc062723c751e8b465ee728b)
Number of updated assets reloaded before import = 0
Start importing Assets/Cainos/Pixel Art Top Down - Basic/Prefab/Plant/PF Grass I.prefab using Guid(424ccba55881d2743a04e1f1a4947e4c) Importer(815301076,1909f56bfc062723c751e8b465ee728b)  -> (artifact id: 'f64587ba339a7b7729395d71cd9b2fbe') in 0.013605 seconds 
Number of asset objects unloaded after import = 7
========================================================================
Received Import Request.
  Time since last request: 0.000031 seconds.
  path: Assets/Cainos/Pixel Art Top Down - Basic/Prefab/Plant/PF Grass O.prefab
  artifactKey: Guid(bf462882706828c44a4465986b6fb8d2) Importer(815301076,1909f56bfc062723c751e8b465ee728b)
Number of updated assets reloaded before import = 0
Start importing Assets/Cainos/Pixel Art Top Down - Basic/Prefab/Plant/PF Grass O.prefab using Guid(bf462882706828c44a4465986b6fb8d2) Importer(815301076,1909f56bfc062723c751e8b465ee728b)  -> (artifact id: '1da8097ecd7c9204d3dccd7fbb9b03e0') in 0.023462 seconds 
Number of asset objects unloaded after import = 7
========================================================================
Received Import Request.
  Time since last request: 0.000023 seconds.
  path: Assets/Cainos/Pixel Art Top Down - Basic/Prefab/Plant/PF Grass E.prefab
  artifactKey: Guid(019ab1af1d7a4b742a982c009534c058) Importer(815301076,1909f56bfc062723c751e8b465ee728b)
Number of updated assets reloaded before import = 0
Start importing Assets/Cainos/Pixel Art Top Down - Basic/Prefab/Plant/PF Grass E.prefab using Guid(019ab1af1d7a4b742a982c009534c058) Importer(815301076,1909f56bfc062723c751e8b465ee728b)  -> (artifact id: 'f0467a54cde27568f241da5203e25d40') in 0.021805 seconds 
Number of asset objects unloaded after import = 7
========================================================================
Received Import Request.
  Time since last request: 0.000110 seconds.
  path: Assets/Cainos/Pixel Art Top Down - Basic/Prefab/Plant/PF Props Tree T2.prefab
  artifactKey: Guid(7277dd75e907b27448ec1de08238d0bb) Importer(815301076,1909f56bfc062723c751e8b465ee728b)
Number of updated assets reloaded before import = 0
Start importing Assets/Cainos/Pixel Art Top Down - Basic/Prefab/Plant/PF Props Tree T2.prefab using Guid(7277dd75e907b27448ec1de08238d0bb) Importer(815301076,1909f56bfc062723c751e8b465ee728b)  -> (artifact id: '214955ad848b2e24e2681a59a432cfb8') in 0.115690 seconds 
Number of asset objects unloaded after import = 21
========================================================================
Received Import Request.
  Time since last request: 0.000020 seconds.
  path: Assets/Cainos/Pixel Art Top Down - Basic/Prefab/Plant/PF Props Bush T5.prefab
  artifactKey: Guid(9fb66d8c9d3b5194a82e9eed65a54afb) Importer(815301076,1909f56bfc062723c751e8b465ee728b)
Number of updated assets reloaded before import = 0
Start importing Assets/Cainos/Pixel Art Top Down - Basic/Prefab/Plant/PF Props Bush T5.prefab using Guid(9fb66d8c9d3b5194a82e9eed65a54afb) Importer(815301076,1909f56bfc062723c751e8b465ee728b)  -> (artifact id: '735a487a7f8855166aceaa0cd38fda98') in 0.026750 seconds 
Number of asset objects unloaded after import = 14
========================================================================
Received Import Request.
  Time since last request: 0.000041 seconds.
  path: Assets/Cainos/Pixel Art Top Down - Basic/Prefab/Plant/PF Grass C.prefab
  artifactKey: Guid(403080d7568a4f949b4bfc7128477a8c) Importer(815301076,1909f56bfc062723c751e8b465ee728b)
Number of updated assets reloaded before import = 0
Start importing Assets/Cainos/Pixel Art Top Down - Basic/Prefab/Plant/PF Grass C.prefab using Guid(403080d7568a4f949b4bfc7128477a8c) Importer(815301076,1909f56bfc062723c751e8b465ee728b)  -> (artifact id: 'd521efb651b67d9e9f4fc904c3ca328d') in 0.023981 seconds 
Number of asset objects unloaded after import = 7
========================================================================
Received Import Request.
  Time since last request: 0.000041 seconds.
  path: Assets/Cainos/Pixel Art Top Down - Basic/Prefab/Plant/PF Grass N.prefab
  artifactKey: Guid(af67ceadc087899479232f75d2b79d59) Importer(815301076,1909f56bfc062723c751e8b465ee728b)
Number of updated assets reloaded before import = 0
Start importing Assets/Cainos/Pixel Art Top Down - Basic/Prefab/Plant/PF Grass N.prefab using Guid(af67ceadc087899479232f75d2b79d59) Importer(815301076,1909f56bfc062723c751e8b465ee728b)  -> (artifact id: 'e881a98b22a5fedfdc5613b922fd8b9d') in 0.015340 seconds 
Number of asset objects unloaded after import = 7
========================================================================
Received Import Request.
  Time since last request: 0.000110 seconds.
  path: Assets/Cainos/Pixel Art Top Down - Basic/Prefab/Plant/PF Grass H.prefab
  artifactKey: Guid(8c66149e58003104daf96668db118b4f) Importer(815301076,1909f56bfc062723c751e8b465ee728b)
Number of updated assets reloaded before import = 0
Start importing Assets/Cainos/Pixel Art Top Down - Basic/Prefab/Plant/PF Grass H.prefab using Guid(8c66149e58003104daf96668db118b4f) Importer(815301076,1909f56bfc062723c751e8b465ee728b)  -> (artifact id: '450a8948a9277e9ae6d058343a780d04') in 0.023724 seconds 
Number of asset objects unloaded after import = 7
========================================================================
Received Import Request.
  Time since last request: 0.000020 seconds.
  path: Assets/Cainos/Pixel Art Top Down - Basic/Prefab/Plant/PF Grass L.prefab
  artifactKey: Guid(1dc4948f20ddc324f84c815af63aa6a9) Importer(815301076,1909f56bfc062723c751e8b465ee728b)
Number of updated assets reloaded before import = 0
Start importing Assets/Cainos/Pixel Art Top Down - Basic/Prefab/Plant/PF Grass L.prefab using Guid(1dc4948f20ddc324f84c815af63aa6a9) Importer(815301076,1909f56bfc062723c751e8b465ee728b)  -> (artifact id: '1bd100d4a332ad838e5435c2131e4b93') in 0.020481 seconds 
Number of asset objects unloaded after import = 7
========================================================================
Received Import Request.
  Time since last request: 0.000033 seconds.
  path: Assets/Cainos/Pixel Art Top Down - Basic/Prefab/Plant/PF Props Bush T4.prefab
  artifactKey: Guid(4bd7b41600416b54395bf9936a05dc8e) Importer(815301076,1909f56bfc062723c751e8b465ee728b)
Number of updated assets reloaded before import = 0
Start importing Assets/Cainos/Pixel Art Top Down - Basic/Prefab/Plant/PF Props Bush T4.prefab using Guid(4bd7b41600416b54395bf9936a05dc8e) Importer(815301076,1909f56bfc062723c751e8b465ee728b)  -> (artifact id: '766e18273a06feee94ba98de2c349cc6') in 0.027955 seconds 
Number of asset objects unloaded after import = 14
========================================================================
Received Import Request.
  Time since last request: 0.000041 seconds.
  path: Assets/Cainos/Pixel Art Top Down - Basic/Prefab/Plant/PF Props Tree T1.prefab
  artifactKey: Guid(f681a54372d73d74785b9c9d4ac477e8) Importer(815301076,1909f56bfc062723c751e8b465ee728b)
Number of updated assets reloaded before import = 0
Start importing Assets/Cainos/Pixel Art Top Down - Basic/Prefab/Plant/PF Props Tree T1.prefab using Guid(f681a54372d73d74785b9c9d4ac477e8) Importer(815301076,1909f56bfc062723c751e8b465ee728b)  -> (artifact id: '2e77f86a59b0faa31651c47dbaba9a63') in 0.020365 seconds 
Number of asset objects unloaded after import = 21
========================================================================
Received Import Request.
  Time since last request: 0.000077 seconds.
  path: Assets/Cainos/Pixel Art Top Down - Basic/Prefab/Plant/PF Grass B.prefab
  artifactKey: Guid(2d546d2d8b016864ab41e2185c250eb5) Importer(815301076,1909f56bfc062723c751e8b465ee728b)
Number of updated assets reloaded before import = 0
Start importing Assets/Cainos/Pixel Art Top Down - Basic/Prefab/Plant/PF Grass B.prefab using Guid(2d546d2d8b016864ab41e2185c250eb5) Importer(815301076,1909f56bfc062723c751e8b465ee728b)  -> (artifact id: 'a5f10cbcd4ca2e6ded76b512f91b79a9') in 0.024495 seconds 
Number of asset objects unloaded after import = 7
========================================================================
Received Import Request.
  Time since last request: 52.956879 seconds.
  path: Assets/Cainos/Pixel Art Top Down - Basic/Prefab/Props/PF Props Altar.prefab
  artifactKey: Guid(c5bdca1933fde624698bb8c6d6daa44b) Importer(815301076,1909f56bfc062723c751e8b465ee728b)
Number of updated assets reloaded before import = 0
Start importing Assets/Cainos/Pixel Art Top Down - Basic/Prefab/Props/PF Props Altar.prefab using Guid(c5bdca1933fde624698bb8c6d6daa44b) Importer(815301076,1909f56bfc062723c751e8b465ee728b)  -> (artifact id: '238d3fd905e45d639c8ba496a6fb6fc3') in 0.023681 seconds 
Number of asset objects unloaded after import = 36
========================================================================
Received Import Request.
  Time since last request: 0.000140 seconds.
  path: Assets/Cainos/Pixel Art Top Down - Basic/Prefab/Props/PF Props Pillar Broken.prefab
  artifactKey: Guid(cfa0a5ef94fb05d4f97d095a05dc55c5) Importer(815301076,1909f56bfc062723c751e8b465ee728b)
Number of updated assets reloaded before import = 0
Start importing Assets/Cainos/Pixel Art Top Down - Basic/Prefab/Props/PF Props Pillar Broken.prefab using Guid(cfa0a5ef94fb05d4f97d095a05dc55c5) Importer(815301076,1909f56bfc062723c751e8b465ee728b)  -> (artifact id: '2737327367da71135d3b05984303f5aa') in 0.019266 seconds 
Number of asset objects unloaded after import = 15
========================================================================
Received Import Request.
  Time since last request: 0.000136 seconds.
  path: Assets/Cainos/Pixel Art Top Down - Basic/Prefab/Props/PF Props Pot C.prefab
  artifactKey: Guid(f3cc2373308c11848977b28d974a9de0) Importer(815301076,1909f56bfc062723c751e8b465ee728b)
Number of updated assets reloaded before import = 0
Start importing Assets/Cainos/Pixel Art Top Down - Basic/Prefab/Props/PF Props Pot C.prefab using Guid(f3cc2373308c11848977b28d974a9de0) Importer(815301076,1909f56bfc062723c751e8b465ee728b)  -> (artifact id: '36593ee006db70188e2a0adae2dfc1d5') in 0.024969 seconds 
Number of asset objects unloaded after import = 16
========================================================================
Received Import Request.
  Time since last request: 0.000027 seconds.
  path: Assets/Cainos/Pixel Art Top Down - Basic/Prefab/Props/PF Props Stone Bench E.prefab
  artifactKey: Guid(d925f1d26bd95904886e446c97ec33c3) Importer(815301076,1909f56bfc062723c751e8b465ee728b)
Number of updated assets reloaded before import = 0
Start importing Assets/Cainos/Pixel Art Top Down - Basic/Prefab/Props/PF Props Stone Bench E.prefab using Guid(d925f1d26bd95904886e446c97ec33c3) Importer(815301076,1909f56bfc062723c751e8b465ee728b)  -> (artifact id: '599b86632a0008d13a1e32de767f0487') in 0.024284 seconds 
Number of asset objects unloaded after import = 15
========================================================================
Received Import Request.
  Time since last request: 0.000028 seconds.
  path: Assets/Cainos/Pixel Art Top Down - Basic/Prefab/Props/PF Props Stair Broken L.prefab
  artifactKey: Guid(6bc7a266104dec640a8bc2ab2e5cd968) Importer(815301076,1909f56bfc062723c751e8b465ee728b)
Number of updated assets reloaded before import = 0
Start importing Assets/Cainos/Pixel Art Top Down - Basic/Prefab/Props/PF Props Stair Broken L.prefab using Guid(6bc7a266104dec640a8bc2ab2e5cd968) Importer(815301076,1909f56bfc062723c751e8b465ee728b)  -> (artifact id: '3ee8950ed48894cb219abbfe3d701085') in 0.022858 seconds 
Number of asset objects unloaded after import = 28
========================================================================
Received Import Request.
  Time since last request: 0.000036 seconds.
  path: Assets/Cainos/Pixel Art Top Down - Basic/Prefab/Props/PF Props Stone Coffin V.prefab
  artifactKey: Guid(e54d3c80cde4e314eae0912eca6a93ae) Importer(815301076,1909f56bfc062723c751e8b465ee728b)
Number of updated assets reloaded before import = 0
Start importing Assets/Cainos/Pixel Art Top Down - Basic/Prefab/Props/PF Props Stone Coffin V.prefab using Guid(e54d3c80cde4e314eae0912eca6a93ae) Importer(815301076,1909f56bfc062723c751e8b465ee728b)  -> (artifact id: '0003bdd00f2b7f20d8137ba8574e3028') in 0.029305 seconds 
Number of asset objects unloaded after import = 15
========================================================================
Received Import Request.
  Time since last request: 0.000059 seconds.
  path: Assets/Cainos/Pixel Art Top Down - Basic/Prefab/Props/PF Props Stone Cube.prefab
  artifactKey: Guid(f6a5710827e32d3489da2c249e3bc400) Importer(815301076,1909f56bfc062723c751e8b465ee728b)
Number of updated assets reloaded before import = 0
Start importing Assets/Cainos/Pixel Art Top Down - Basic/Prefab/Props/PF Props Stone Cube.prefab using Guid(f6a5710827e32d3489da2c249e3bc400) Importer(815301076,1909f56bfc062723c751e8b465ee728b)  -> (artifact id: 'c4675b8ebe1046f8a3670a2af35d7f13') in 0.022441 seconds 
Number of asset objects unloaded after import = 16
========================================================================
Received Import Request.
  Time since last request: 0.000123 seconds.
  path: Assets/Cainos/Pixel Art Top Down - Basic/Prefab/Props/PF Props Stair M.prefab
  artifactKey: Guid(78e9efbdf9b33994da8dfbe530f65e5e) Importer(815301076,1909f56bfc062723c751e8b465ee728b)
Number of updated assets reloaded before import = 0
Start importing Assets/Cainos/Pixel Art Top Down - Basic/Prefab/Props/PF Props Stair M.prefab using Guid(78e9efbdf9b33994da8dfbe530f65e5e) Importer(815301076,1909f56bfc062723c751e8b465ee728b)  -> (artifact id: 'd7c2e65d51907a8586ccdfb92f4276ac') in 0.020933 seconds 
Number of asset objects unloaded after import = 28
========================================================================
Received Import Request.
  Time since last request: 0.000025 seconds.
  path: Assets/Cainos/Pixel Art Top Down - Basic/Prefab/Props/PF Props Pot B.prefab
  artifactKey: Guid(63ee4b6a40c55fd429759b807832ded1) Importer(815301076,1909f56bfc062723c751e8b465ee728b)
Number of updated assets reloaded before import = 0
Start importing Assets/Cainos/Pixel Art Top Down - Basic/Prefab/Props/PF Props Pot B.prefab using Guid(63ee4b6a40c55fd429759b807832ded1) Importer(815301076,1909f56bfc062723c751e8b465ee728b)  -> (artifact id: '8f1c523aab5f4b3652f03667bb00b221') in 0.026756 seconds 
Number of asset objects unloaded after import = 16
========================================================================
Received Import Request.
  Time since last request: 0.000244 seconds.
  path: Assets/Cainos/Pixel Art Top Down - Basic/Prefab/Props/PF Props Chest Open.prefab
  artifactKey: Guid(17b0c1ef334d17e4bbb74c4778001705) Importer(815301076,1909f56bfc062723c751e8b465ee728b)
Number of updated assets reloaded before import = 0
Start importing Assets/Cainos/Pixel Art Top Down - Basic/Prefab/Props/PF Props Chest Open.prefab using Guid(17b0c1ef334d17e4bbb74c4778001705) Importer(815301076,1909f56bfc062723c751e8b465ee728b)  -> (artifact id: 'efe8aff1a24b6088c64babc1d8255ce7') in 0.028717 seconds 
Number of asset objects unloaded after import = 15
========================================================================
Received Import Request.
  Time since last request: 0.000084 seconds.
  path: Assets/Cainos/Pixel Art Top Down - Basic/Prefab/Props/PF Props Stair Broken M.prefab
  artifactKey: Guid(295e819650a63784185fc3d55ce9e650) Importer(815301076,1909f56bfc062723c751e8b465ee728b)
Number of updated assets reloaded before import = 0
Start importing Assets/Cainos/Pixel Art Top Down - Basic/Prefab/Props/PF Props Stair Broken M.prefab using Guid(295e819650a63784185fc3d55ce9e650) Importer(815301076,1909f56bfc062723c751e8b465ee728b)  -> (artifact id: 'b227d3af06145570698179d426ffc88a') in 0.026880 seconds 
Number of asset objects unloaded after import = 28
========================================================================
Received Import Request.
  Time since last request: 0.000029 seconds.
  path: Assets/Cainos/Pixel Art Top Down - Basic/Prefab/Props/PF Props Crate.prefab
  artifactKey: Guid(fb2df5b680b64b449a78162ebcd98e97) Importer(815301076,1909f56bfc062723c751e8b465ee728b)
Number of updated assets reloaded before import = 0
Start importing Assets/Cainos/Pixel Art Top Down - Basic/Prefab/Props/PF Props Crate.prefab using Guid(fb2df5b680b64b449a78162ebcd98e97) Importer(815301076,1909f56bfc062723c751e8b465ee728b)  -> (artifact id: '1a65809a693a3fc1b8f2d437afa0039a') in 0.034194 seconds 
Number of asset objects unloaded after import = 16
========================================================================
Received Import Request.
  Time since last request: 4.038034 seconds.
  path: Assets/Cainos/Pixel Art Top Down - Basic/Prefab/Props/PF Props Stone T2.prefab
  artifactKey: Guid(713b33322b495794e92184973ece3034) Importer(815301076,1909f56bfc062723c751e8b465ee728b)
Number of updated assets reloaded before import = 0
Start importing Assets/Cainos/Pixel Art Top Down - Basic/Prefab/Props/PF Props Stone T2.prefab using Guid(713b33322b495794e92184973ece3034) Importer(815301076,1909f56bfc062723c751e8b465ee728b)  -> (artifact id: '72bc00982b3bbff71efd9a3da07d08c5') in 0.043213 seconds 
Number of asset objects unloaded after import = 14
========================================================================
Received Import Request.
  Time since last request: 0.000080 seconds.
  path: Assets/Cainos/Pixel Art Top Down - Basic/Prefab/Props/PF Props Stone T5.prefab
  artifactKey: Guid(139b2d65b3145ad45bc13b6d111199de) Importer(815301076,1909f56bfc062723c751e8b465ee728b)
Number of updated assets reloaded before import = 0
Start importing Assets/Cainos/Pixel Art Top Down - Basic/Prefab/Props/PF Props Stone T5.prefab using Guid(139b2d65b3145ad45bc13b6d111199de) Importer(815301076,1909f56bfc062723c751e8b465ee728b)  -> (artifact id: '07f338023c65f0ff63e837bcaf1f7343') in 0.038293 seconds 
Number of asset objects unloaded after import = 15
========================================================================
Received Import Request.
  Time since last request: 19.526832 seconds.
  path: Assets/Cainos/Pixel Art Top Down - Basic/Material/MT Sprite.mat
  artifactKey: Guid(a9f84881abde25b48904c0ff67bca145) Importer(815301076,1909f56bfc062723c751e8b465ee728b)
Number of updated assets reloaded before import = 0
Start importing Assets/Cainos/Pixel Art Top Down - Basic/Material/MT Sprite.mat using Guid(a9f84881abde25b48904c0ff67bca145) Importer(815301076,1909f56bfc062723c751e8b465ee728b)  -> (artifact id: 'beb078128c5dd22872f923d674e4368c') in 0.043916 seconds 
Number of asset objects unloaded after import = 1
========================================================================
Received Import Request.
  Time since last request: 16.741456 seconds.
  path: Assets/Cainos/Pixel Art Top Down - Basic/Texture/TX Props.png
  artifactKey: Guid(29c9cded5e558164aaf8c9bf08aa1510) Importer(815301076,1909f56bfc062723c751e8b465ee728b)
Number of updated assets reloaded before import = 0
Start importing Assets/Cainos/Pixel Art Top Down - Basic/Texture/TX Props.png using Guid(29c9cded5e558164aaf8c9bf08aa1510) Importer(815301076,1909f56bfc062723c751e8b465ee728b)  -> (artifact id: '2ef4ae37a9bfd4be3fa3a182480b2965') in 0.291125 seconds 
Number of asset objects unloaded after import = 50
========================================================================
Received Import Request.
  Time since last request: 8.173860 seconds.
  path: Assets/Cainos/Pixel Art Top Down - Basic/Tile Palette/TP Wall.prefab
  artifactKey: Guid(8d8700121f1eb2c4abda7e8a3dafab76) Importer(815301076,1909f56bfc062723c751e8b465ee728b)
Number of updated assets reloaded before import = 0
Start importing Assets/Cainos/Pixel Art Top Down - Basic/Tile Palette/TP Wall.prefab using Guid(8d8700121f1eb2c4abda7e8a3dafab76) Importer(815301076,1909f56bfc062723c751e8b465ee728b)  -> (artifact id: '276b8d1af9e75f144733ef0e59d05d36') in 0.050651 seconds 
Number of asset objects unloaded after import = 142
========================================================================
Received Import Request.
  Time since last request: 1.460306 seconds.
  path: Assets/Cainos/Pixel Art Top Down - Basic/Tile Palette/TP Wall/TX Shadow Tileset Wall 3.asset
  artifactKey: Guid(74fb019e61cfa1144910a53906988a6e) Importer(815301076,1909f56bfc062723c751e8b465ee728b)
Number of updated assets reloaded before import = 0
Start importing Assets/Cainos/Pixel Art Top Down - Basic/Tile Palette/TP Wall/TX Shadow Tileset Wall 3.asset using Guid(74fb019e61cfa1144910a53906988a6e) Importer(815301076,1909f56bfc062723c751e8b465ee728b)  -> (artifact id: '3c78f45cf83e97d83f68ff12a6cd428e') in 0.037733 seconds 
Number of asset objects unloaded after import = 3
========================================================================
Received Import Request.
  Time since last request: 0.000022 seconds.
  path: Assets/Cainos/Pixel Art Top Down - Basic/Tile Palette/TP Wall/TX Tileset Wall_10.asset
  artifactKey: Guid(af8714fe101cd5448b037104d6b9846e) Importer(815301076,1909f56bfc062723c751e8b465ee728b)
Number of updated assets reloaded before import = 0
Start importing Assets/Cainos/Pixel Art Top Down - Basic/Tile Palette/TP Wall/TX Tileset Wall_10.asset using Guid(af8714fe101cd5448b037104d6b9846e) Importer(815301076,1909f56bfc062723c751e8b465ee728b)  -> (artifact id: 'a189df86e658310cf834be7836e8f99f') in 0.011880 seconds 
Number of asset objects unloaded after import = 3
========================================================================
Received Import Request.
  Time since last request: 0.000059 seconds.
  path: Assets/Cainos/Pixel Art Top Down - Basic/Tile Palette/TP Wall/TX Tileset Wall_14.asset
  artifactKey: Guid(f5bce4b9585a8514e81572c61b5b6460) Importer(815301076,1909f56bfc062723c751e8b465ee728b)
Number of updated assets reloaded before import = 0
Start importing Assets/Cainos/Pixel Art Top Down - Basic/Tile Palette/TP Wall/TX Tileset Wall_14.asset using Guid(f5bce4b9585a8514e81572c61b5b6460) Importer(815301076,1909f56bfc062723c751e8b465ee728b)  -> (artifact id: '3caae40bb2da685be7185fcb625dd094') in 0.021791 seconds 
Number of asset objects unloaded after import = 3
========================================================================
Received Import Request.
  Time since last request: 0.000031 seconds.
  path: Assets/Cainos/Pixel Art Top Down - Basic/Tile Palette/TP Wall/TX Tileset Wall_21.asset
  artifactKey: Guid(ab73d3ec979561b4680d6746b4c7f4c6) Importer(815301076,1909f56bfc062723c751e8b465ee728b)
Number of updated assets reloaded before import = 0
Start importing Assets/Cainos/Pixel Art Top Down - Basic/Tile Palette/TP Wall/TX Tileset Wall_21.asset using Guid(ab73d3ec979561b4680d6746b4c7f4c6) Importer(815301076,1909f56bfc062723c751e8b465ee728b)  -> (artifact id: '2c499eb0aa65ea22a3bd6452bea46795') in 0.022613 seconds 
Number of asset objects unloaded after import = 3
========================================================================
Received Import Request.
  Time since last request: 0.000027 seconds.
  path: Assets/Cainos/Pixel Art Top Down - Basic/Tile Palette/TP Wall/TX Tileset Wall_7.asset
  artifactKey: Guid(efe5594aca34f2745a57662f43377928) Importer(815301076,1909f56bfc062723c751e8b465ee728b)
Number of updated assets reloaded before import = 0
Start importing Assets/Cainos/Pixel Art Top Down - Basic/Tile Palette/TP Wall/TX Tileset Wall_7.asset using Guid(efe5594aca34f2745a57662f43377928) Importer(815301076,1909f56bfc062723c751e8b465ee728b)  -> (artifact id: '46aa7e9155535978f63254bf8dcefe97') in 0.024567 seconds 
Number of asset objects unloaded after import = 3
========================================================================
Received Import Request.
  Time since last request: 0.000191 seconds.
  path: Assets/Cainos/Pixel Art Top Down - Basic/Tile Palette/TP Wall/TX Tileset Wall_19.asset
  artifactKey: Guid(593e9d35d4ade4041a13ab33b9a1040f) Importer(815301076,1909f56bfc062723c751e8b465ee728b)
Number of updated assets reloaded before import = 0
Start importing Assets/Cainos/Pixel Art Top Down - Basic/Tile Palette/TP Wall/TX Tileset Wall_19.asset using Guid(593e9d35d4ade4041a13ab33b9a1040f) Importer(815301076,1909f56bfc062723c751e8b465ee728b)  -> (artifact id: 'd82500d41a6688e34efadaeabe8929a6') in 0.017122 seconds 
Number of asset objects unloaded after import = 3
========================================================================
Received Import Request.
  Time since last request: 0.000039 seconds.
  path: Assets/Cainos/Pixel Art Top Down - Basic/Tile Palette/TP Wall/TX Tileset Wall_18.asset
  artifactKey: Guid(de17a1cff7186dc4e81bd03c2256da56) Importer(815301076,1909f56bfc062723c751e8b465ee728b)
Number of updated assets reloaded before import = 0
Start importing Assets/Cainos/Pixel Art Top Down - Basic/Tile Palette/TP Wall/TX Tileset Wall_18.asset using Guid(de17a1cff7186dc4e81bd03c2256da56) Importer(815301076,1909f56bfc062723c751e8b465ee728b)  -> (artifact id: 'e4f58b4a618a6c48774806211bf5a32b') in 0.020745 seconds 
Number of asset objects unloaded after import = 3
========================================================================
Received Import Request.
  Time since last request: 0.000020 seconds.
  path: Assets/Cainos/Pixel Art Top Down - Basic/Tile Palette/TP Wall/TX Tileset Wall_32.asset
  artifactKey: Guid(f8a08cc7e1ef4bd41ad3d91c4ae0824a) Importer(815301076,1909f56bfc062723c751e8b465ee728b)
Number of updated assets reloaded before import = 0
Start importing Assets/Cainos/Pixel Art Top Down - Basic/Tile Palette/TP Wall/TX Tileset Wall_32.asset using Guid(f8a08cc7e1ef4bd41ad3d91c4ae0824a) Importer(815301076,1909f56bfc062723c751e8b465ee728b)  -> (artifact id: '7e23b34fd4981fa75147024791fa5ea2') in 0.014945 seconds 
Number of asset objects unloaded after import = 3
========================================================================
Received Import Request.
  Time since last request: 2.947955 seconds.
  path: Assets/Cainos/Pixel Art Top Down - Basic/Tile Palette/TP Stone Ground/TX Tileset Stone Ground_2.asset
  artifactKey: Guid(fabd18c6472405245b20eef7cb5ee3bb) Importer(815301076,1909f56bfc062723c751e8b465ee728b)
Number of updated assets reloaded before import = 0
Start importing Assets/Cainos/Pixel Art Top Down - Basic/Tile Palette/TP Stone Ground/TX Tileset Stone Ground_2.asset using Guid(fabd18c6472405245b20eef7cb5ee3bb) Importer(815301076,1909f56bfc062723c751e8b465ee728b)  -> (artifact id: 'b9242ed67553f673ddf40b4b8d5acb1f') in 0.015257 seconds 
Number of asset objects unloaded after import = 3
========================================================================
Received Import Request.
  Time since last request: 0.000074 seconds.
  path: Assets/Cainos/Pixel Art Top Down - Basic/Tile Palette/TP Stone Ground/TX Tileset Stone Ground_22.asset
  artifactKey: Guid(465893449d5293b4eb51f98fe4b64102) Importer(815301076,1909f56bfc062723c751e8b465ee728b)
Number of updated assets reloaded before import = 0
Start importing Assets/Cainos/Pixel Art Top Down - Basic/Tile Palette/TP Stone Ground/TX Tileset Stone Ground_22.asset using Guid(465893449d5293b4eb51f98fe4b64102) Importer(815301076,1909f56bfc062723c751e8b465ee728b)  -> (artifact id: '99d72fe742672959d478110e083ffe88') in 0.018886 seconds 
Number of asset objects unloaded after import = 3
========================================================================
Received Import Request.
  Time since last request: 0.000021 seconds.
  path: Assets/Cainos/Pixel Art Top Down - Basic/Tile Palette/TP Stone Ground/TX Tileset Stone Ground_30.asset
  artifactKey: Guid(ff09438222d182d478c56becdab860de) Importer(815301076,1909f56bfc062723c751e8b465ee728b)
Number of updated assets reloaded before import = 0
Start importing Assets/Cainos/Pixel Art Top Down - Basic/Tile Palette/TP Stone Ground/TX Tileset Stone Ground_30.asset using Guid(ff09438222d182d478c56becdab860de) Importer(815301076,1909f56bfc062723c751e8b465ee728b)  -> (artifact id: '7f6aee48a1fc36ee05a8d97ba88bdf94') in 0.019456 seconds 
Number of asset objects unloaded after import = 3
========================================================================
Received Import Request.
  Time since last request: 0.000024 seconds.
  path: Assets/Cainos/Pixel Art Top Down - Basic/Tile Palette/TP Stone Ground/TX Tileset Stone Ground_20.asset
  artifactKey: Guid(d711f37f575c12a4daf5c03e58309fae) Importer(815301076,1909f56bfc062723c751e8b465ee728b)
Number of updated assets reloaded before import = 0
Start importing Assets/Cainos/Pixel Art Top Down - Basic/Tile Palette/TP Stone Ground/TX Tileset Stone Ground_20.asset using Guid(d711f37f575c12a4daf5c03e58309fae) Importer(815301076,1909f56bfc062723c751e8b465ee728b)  -> (artifact id: '5075df9744217a9d2791041eedefa09f') in 0.011168 seconds 
Number of asset objects unloaded after import = 3
========================================================================
Received Import Request.
  Time since last request: 0.000038 seconds.
  path: Assets/Cainos/Pixel Art Top Down - Basic/Tile Palette/TP Stone Ground/TX Tileset Stone Ground_36.asset
  artifactKey: Guid(08729fe3592aecd4d952bd7f066c45bb) Importer(815301076,1909f56bfc062723c751e8b465ee728b)
Number of updated assets reloaded before import = 0
Start importing Assets/Cainos/Pixel Art Top Down - Basic/Tile Palette/TP Stone Ground/TX Tileset Stone Ground_36.asset using Guid(08729fe3592aecd4d952bd7f066c45bb) Importer(815301076,1909f56bfc062723c751e8b465ee728b)  -> (artifact id: '25a427bab5d74e286037e59a3f8a1fa7') in 0.017981 seconds 
Number of asset objects unloaded after import = 3
========================================================================
Received Import Request.
  Time since last request: 0.000040 seconds.
  path: Assets/Cainos/Pixel Art Top Down - Basic/Tile Palette/TP Stone Ground/TX Tileset Stone Ground_33.asset
  artifactKey: Guid(ff83bcee22058b444908a98277d998c1) Importer(815301076,1909f56bfc062723c751e8b465ee728b)
Number of updated assets reloaded before import = 0
Start importing Assets/Cainos/Pixel Art Top Down - Basic/Tile Palette/TP Stone Ground/TX Tileset Stone Ground_33.asset using Guid(ff83bcee22058b444908a98277d998c1) Importer(815301076,1909f56bfc062723c751e8b465ee728b)  -> (artifact id: '540abf84d19a32b0188f88d1d4a4ce79') in 0.016978 seconds 
Number of asset objects unloaded after import = 3
========================================================================
Received Import Request.
  Time since last request: 0.000102 seconds.
  path: Assets/Cainos/Pixel Art Top Down - Basic/Tile Palette/TP Stone Ground/TX Tileset Stone Ground_14.asset
  artifactKey: Guid(694c62b9b4b97814187f4b31011fc63f) Importer(815301076,1909f56bfc062723c751e8b465ee728b)
Number of updated assets reloaded before import = 0
Start importing Assets/Cainos/Pixel Art Top Down - Basic/Tile Palette/TP Stone Ground/TX Tileset Stone Ground_14.asset using Guid(694c62b9b4b97814187f4b31011fc63f) Importer(815301076,1909f56bfc062723c751e8b465ee728b)  -> (artifact id: '8b1a63619e6e7eb018946810b6ef81f8') in 0.019773 seconds 
Number of asset objects unloaded after import = 3
========================================================================
Received Import Request.
  Time since last request: 0.000026 seconds.
  path: Assets/Cainos/Pixel Art Top Down - Basic/Tile Palette/TP Stone Ground/TX Tileset Stone Ground_17.asset
  artifactKey: Guid(f73c8ba870a97f54fba502193d31f6e3) Importer(815301076,1909f56bfc062723c751e8b465ee728b)
Number of updated assets reloaded before import = 0
Start importing Assets/Cainos/Pixel Art Top Down - Basic/Tile Palette/TP Stone Ground/TX Tileset Stone Ground_17.asset using Guid(f73c8ba870a97f54fba502193d31f6e3) Importer(815301076,1909f56bfc062723c751e8b465ee728b)  -> (artifact id: '18481a152ce85851936cf1e2d0a7dcd9') in 0.017796 seconds 
Number of asset objects unloaded after import = 3
========================================================================
Received Import Request.
  Time since last request: 1.099535 seconds.
  path: Assets/Cainos/Pixel Art Top Down - Basic/Tile Palette/TP Stone Ground/TX Tileset Stone Ground_39.asset
  artifactKey: Guid(15dd07e381bfec6488f6da823213e8b2) Importer(815301076,1909f56bfc062723c751e8b465ee728b)
Number of updated assets reloaded before import = 0
Start importing Assets/Cainos/Pixel Art Top Down - Basic/Tile Palette/TP Stone Ground/TX Tileset Stone Ground_39.asset using Guid(15dd07e381bfec6488f6da823213e8b2) Importer(815301076,1909f56bfc062723c751e8b465ee728b)  -> (artifact id: '54e6c15661991628b424e85da9955900') in 0.012293 seconds 
Number of asset objects unloaded after import = 3
========================================================================
Received Import Request.
  Time since last request: 0.000021 seconds.
  path: Assets/Cainos/Pixel Art Top Down - Basic/Tile Palette/TP Stone Ground/TX Tileset Stone Ground_46.asset
  artifactKey: Guid(34c4a150aba65a2479c36b372053f984) Importer(815301076,1909f56bfc062723c751e8b465ee728b)
Number of updated assets reloaded before import = 0
Start importing Assets/Cainos/Pixel Art Top Down - Basic/Tile Palette/TP Stone Ground/TX Tileset Stone Ground_46.asset using Guid(34c4a150aba65a2479c36b372053f984) Importer(815301076,1909f56bfc062723c751e8b465ee728b)  -> (artifact id: '71dcce937f7ec7bb42c4337ee406c6ed') in 0.018500 seconds 
Number of asset objects unloaded after import = 3
========================================================================
Received Import Request.
  Time since last request: 8.174886 seconds.
  path: Assets/Cainos/Pixel Art Top Down - Basic/Tile Palette/TP Grass/TX Tileset Grass 2.asset
  artifactKey: Guid(6da925407638afc4db4e37eb2ec98c76) Importer(815301076,1909f56bfc062723c751e8b465ee728b)
Number of updated assets reloaded before import = 0
Start importing Assets/Cainos/Pixel Art Top Down - Basic/Tile Palette/TP Grass/TX Tileset Grass 2.asset using Guid(6da925407638afc4db4e37eb2ec98c76) Importer(815301076,1909f56bfc062723c751e8b465ee728b)  -> (artifact id: '0326a43cd42d9578e91dadec6604f8f7') in 0.011874 seconds 
Number of asset objects unloaded after import = 3
========================================================================
Received Import Request.
  Time since last request: 0.000027 seconds.
  path: Assets/Cainos/Pixel Art Top Down - Basic/Tile Palette/TP Grass/TX Tileset Grass Flower 15.asset
  artifactKey: Guid(70b8e49e6af191c4c987c778977a5dba) Importer(815301076,1909f56bfc062723c751e8b465ee728b)
Number of updated assets reloaded before import = 0
Start importing Assets/Cainos/Pixel Art Top Down - Basic/Tile Palette/TP Grass/TX Tileset Grass Flower 15.asset using Guid(70b8e49e6af191c4c987c778977a5dba) Importer(815301076,1909f56bfc062723c751e8b465ee728b)  -> (artifact id: '950b3f86f4c653ec5e75956a19e24438') in 0.018514 seconds 
Number of asset objects unloaded after import = 3
========================================================================
Received Import Request.
  Time since last request: 0.000021 seconds.
  path: Assets/Cainos/Pixel Art Top Down - Basic/Tile Palette/TP Grass/TX Tileset Grass 7.asset
  artifactKey: Guid(cf6b59b7c1dad88438263b3160222715) Importer(815301076,1909f56bfc062723c751e8b465ee728b)
Number of updated assets reloaded before import = 0
Start importing Assets/Cainos/Pixel Art Top Down - Basic/Tile Palette/TP Grass/TX Tileset Grass 7.asset using Guid(cf6b59b7c1dad88438263b3160222715) Importer(815301076,1909f56bfc062723c751e8b465ee728b)  -> (artifact id: '6287cb8b485e64df825761658bcd3c8e') in 0.013688 seconds 
Number of asset objects unloaded after import = 3
========================================================================
Received Import Request.
  Time since last request: 0.000100 seconds.
  path: Assets/Cainos/Pixel Art Top Down - Basic/Tile Palette/TP Grass/TX Tileset Grass Pavement 0.asset
  artifactKey: Guid(b52eb31537a3c0f4d9b909925745af72) Importer(815301076,1909f56bfc062723c751e8b465ee728b)
Number of updated assets reloaded before import = 0
Start importing Assets/Cainos/Pixel Art Top Down - Basic/Tile Palette/TP Grass/TX Tileset Grass Pavement 0.asset using Guid(b52eb31537a3c0f4d9b909925745af72) Importer(815301076,1909f56bfc062723c751e8b465ee728b)  -> (artifact id: 'd20aa16b84b28731beac9f339cce61be') in 0.020890 seconds 
Number of asset objects unloaded after import = 3
========================================================================
Received Import Request.
  Time since last request: 0.000026 seconds.
  path: Assets/Cainos/Pixel Art Top Down - Basic/Tile Palette/TP Grass/TX Tileset Grass Flower 13.asset
  artifactKey: Guid(57824cd7e1612d14090d617a256eca53) Importer(815301076,1909f56bfc062723c751e8b465ee728b)
Number of updated assets reloaded before import = 0
Start importing Assets/Cainos/Pixel Art Top Down - Basic/Tile Palette/TP Grass/TX Tileset Grass Flower 13.asset using Guid(57824cd7e1612d14090d617a256eca53) Importer(815301076,1909f56bfc062723c751e8b465ee728b)  -> (artifact id: '9c005c3109d9234fa3cc9f08cd5030bc') in 0.014011 seconds 
Number of asset objects unloaded after import = 3
========================================================================
Received Import Request.
  Time since last request: 0.000069 seconds.
  path: Assets/Cainos/Pixel Art Top Down - Basic/Tile Palette/TP Grass/TX Tileset Grass Flower 1.asset
  artifactKey: Guid(abe9370c58435f244a894542a9d0f78d) Importer(815301076,1909f56bfc062723c751e8b465ee728b)
Number of updated assets reloaded before import = 0
Start importing Assets/Cainos/Pixel Art Top Down - Basic/Tile Palette/TP Grass/TX Tileset Grass Flower 1.asset using Guid(abe9370c58435f244a894542a9d0f78d) Importer(815301076,1909f56bfc062723c751e8b465ee728b)  -> (artifact id: '23800a257a1ccc4d2707130d79757606') in 0.016208 seconds 
Number of asset objects unloaded after import = 3
========================================================================
Received Import Request.
  Time since last request: 0.000021 seconds.
  path: Assets/Cainos/Pixel Art Top Down - Basic/Tile Palette/TP Grass/TX Tileset Grass Flower 14.asset
  artifactKey: Guid(6af3ae26591b05548b82024e5520c670) Importer(815301076,1909f56bfc062723c751e8b465ee728b)
Number of updated assets reloaded before import = 0
Start importing Assets/Cainos/Pixel Art Top Down - Basic/Tile Palette/TP Grass/TX Tileset Grass Flower 14.asset using Guid(6af3ae26591b05548b82024e5520c670) Importer(815301076,1909f56bfc062723c751e8b465ee728b)  -> (artifact id: 'ddd370017917530a4c8e6955e555ca42') in 0.013846 seconds 
Number of asset objects unloaded after import = 3
========================================================================
Received Import Request.
  Time since last request: 0.000087 seconds.
  path: Assets/Cainos/Pixel Art Top Down - Basic/Tile Palette/TP Grass/TX Tileset Grass 13.asset
  artifactKey: Guid(8143e435c2ff5f342951e4e9991c11ea) Importer(815301076,1909f56bfc062723c751e8b465ee728b)
Number of updated assets reloaded before import = 0
Start importing Assets/Cainos/Pixel Art Top Down - Basic/Tile Palette/TP Grass/TX Tileset Grass 13.asset using Guid(8143e435c2ff5f342951e4e9991c11ea) Importer(815301076,1909f56bfc062723c751e8b465ee728b)  -> (artifact id: 'c5bc8e529e372fe53e9602f5c22b41dd') in 0.016232 seconds 
Number of asset objects unloaded after import = 3
========================================================================
Received Import Request.
  Time since last request: 0.587177 seconds.
  path: Assets/Cainos/Pixel Art Top Down - Basic/Tile Palette/TP Grass/TX Tileset Grass Pavement 7.asset
  artifactKey: Guid(bcf612aaeb488bf48b64a976b440426d) Importer(815301076,1909f56bfc062723c751e8b465ee728b)
Number of updated assets reloaded before import = 0
Start importing Assets/Cainos/Pixel Art Top Down - Basic/Tile Palette/TP Grass/TX Tileset Grass Pavement 7.asset using Guid(bcf612aaeb488bf48b64a976b440426d) Importer(815301076,1909f56bfc062723c751e8b465ee728b)  -> (artifact id: '715546bd147f401e588ec159e15fc142') in 0.010809 seconds 
Number of asset objects unloaded after import = 3
========================================================================
Received Import Request.
  Time since last request: 0.000018 seconds.
  path: Assets/Cainos/Pixel Art Top Down - Basic/Tile Palette/TP Grass/TX Tileset Grass_38.asset
  artifactKey: Guid(4ade5514e3cccc441bce64010f27e527) Importer(815301076,1909f56bfc062723c751e8b465ee728b)
Number of updated assets reloaded before import = 0
Start importing Assets/Cainos/Pixel Art Top Down - Basic/Tile Palette/TP Grass/TX Tileset Grass_38.asset using Guid(4ade5514e3cccc441bce64010f27e527) Importer(815301076,1909f56bfc062723c751e8b465ee728b)  -> (artifact id: 'd639b937e7f426fdc0c3886dad5841d3') in 0.015959 seconds 
Number of asset objects unloaded after import = 3
========================================================================
Received Import Request.
  Time since last request: 0.049310 seconds.
  path: Assets/Cainos/Pixel Art Top Down - Basic/Tile Palette/TP Grass/TX Tileset Grass_47.asset
  artifactKey: Guid(d12fbd8400e101840be29555508b9a89) Importer(815301076,1909f56bfc062723c751e8b465ee728b)
Number of updated assets reloaded before import = 0
Start importing Assets/Cainos/Pixel Art Top Down - Basic/Tile Palette/TP Grass/TX Tileset Grass_47.asset using Guid(d12fbd8400e101840be29555508b9a89) Importer(815301076,1909f56bfc062723c751e8b465ee728b)  -> (artifact id: '4db736ef90ac37bbd62eeb29344d66ba') in 0.018423 seconds 
Number of asset objects unloaded after import = 3
========================================================================
Received Import Request.
  Time since last request: 0.000023 seconds.
  path: Assets/Cainos/Pixel Art Top Down - Basic/Tile Palette/TP Grass/TX Tileset Grass_58.asset
  artifactKey: Guid(fbde4feddd010b84a8e85a316d96b45e) Importer(815301076,1909f56bfc062723c751e8b465ee728b)
Number of updated assets reloaded before import = 0
Start importing Assets/Cainos/Pixel Art Top Down - Basic/Tile Palette/TP Grass/TX Tileset Grass_58.asset using Guid(fbde4feddd010b84a8e85a316d96b45e) Importer(815301076,1909f56bfc062723c751e8b465ee728b)  -> (artifact id: 'e3b150a029758ced2617a16050b70cdd') in 0.016713 seconds 
Number of asset objects unloaded after import = 3
========================================================================
Received Import Request.
  Time since last request: 0.000094 seconds.
  path: Assets/Cainos/Pixel Art Top Down - Basic/Tile Palette/TP Grass/TX Tileset Grass_55.asset
  artifactKey: Guid(7545dac8dcb9b6a48aa8ff5fd623e811) Importer(815301076,1909f56bfc062723c751e8b465ee728b)
Number of updated assets reloaded before import = 0
Start importing Assets/Cainos/Pixel Art Top Down - Basic/Tile Palette/TP Grass/TX Tileset Grass_55.asset using Guid(7545dac8dcb9b6a48aa8ff5fd623e811) Importer(815301076,1909f56bfc062723c751e8b465ee728b)  -> (artifact id: 'a517bf611e1623d535919a29138cf00f') in 0.015178 seconds 
Number of asset objects unloaded after import = 3
========================================================================
Received Import Request.
  Time since last request: 0.508022 seconds.
  path: Assets/Cainos/Pixel Art Top Down - Basic/Tile Palette/TP Grass/TX Tileset Grass_63.asset
  artifactKey: Guid(cce0a8110310275428a80445dd873364) Importer(815301076,1909f56bfc062723c751e8b465ee728b)
Number of updated assets reloaded before import = 0
Start importing Assets/Cainos/Pixel Art Top Down - Basic/Tile Palette/TP Grass/TX Tileset Grass_63.asset using Guid(cce0a8110310275428a80445dd873364) Importer(815301076,1909f56bfc062723c751e8b465ee728b)  -> (artifact id: '599b73ba14159b877dfe904d50ba9f7e') in 0.013755 seconds 
Number of asset objects unloaded after import = 3
Editor requested this worker to shutdown with reason: Scaling down because of idle timeout
AssetImportWorker is now disconnected from the server
Process exiting
Exiting without the bug reporter. Application will terminate with return code 0