Using pre-set license
Built from '2021.3/china_unity/release' branch; Version is '2021.3.34f1c1 (9b1d5b08fe8a) revision 10165595'; Using compiler version '192829333'; Build Type 'Release'
OS: 'Windows 11  (10.0.22631) 64bit Core' Language: 'zh' Physical Memory: 16088 MB
BatchMode: 1, IsHumanControllingUs: 0, StartBugReporterOnCrash: 0, Is64bit: 1, IsPro: 1

COMMAND LINE ARGUMENTS:
G:\Unity_Editor\2021.3.34f1c1\Editor\Unity.exe
-adb2
-batchMode
-noUpm
-name
AssetImportWorker2
-projectPath
G:/2.5dgame/game and game
-logFile
Logs/AssetImportWorker2.log
-srvPort
65396
Successfully changed project path to: G:/2.5dgame/game and game
G:/2.5dgame/game and game
[UnityMemory] Configuration Parameters - Can be set up in boot.config
    "memorysetup-bucket-allocator-granularity=16"
    "memorysetup-bucket-allocator-bucket-count=8"
    "memorysetup-bucket-allocator-block-size=33554432"
    "memorysetup-bucket-allocator-block-count=8"
    "memorysetup-main-allocator-block-size=16777216"
    "memorysetup-thread-allocator-block-size=16777216"
    "memorysetup-gfx-main-allocator-block-size=16777216"
    "memorysetup-gfx-thread-allocator-block-size=16777216"
    "memorysetup-cache-allocator-block-size=4194304"
    "memorysetup-typetree-allocator-block-size=2097152"
    "memorysetup-profiler-bucket-allocator-granularity=16"
    "memorysetup-profiler-bucket-allocator-bucket-count=8"
    "memorysetup-profiler-bucket-allocator-block-size=33554432"
    "memorysetup-profiler-bucket-allocator-block-count=8"
    "memorysetup-profiler-allocator-block-size=16777216"
    "memorysetup-profiler-editor-allocator-block-size=1048576"
    "memorysetup-temp-allocator-size-main=16777216"
    "memorysetup-job-temp-allocator-block-size=2097152"
    "memorysetup-job-temp-allocator-block-size-background=1048576"
    "memorysetup-job-temp-allocator-reduction-small-platforms=262144"
    "memorysetup-temp-allocator-size-background-worker=32768"
    "memorysetup-temp-allocator-size-job-worker=262144"
    "memorysetup-temp-allocator-size-preload-manager=33554432"
    "memorysetup-temp-allocator-size-nav-mesh-worker=65536"
    "memorysetup-temp-allocator-size-audio-worker=65536"
    "memorysetup-temp-allocator-size-cloud-worker=32768"
    "memorysetup-temp-allocator-size-gi-baking-worker=262144"
    "memorysetup-temp-allocator-size-gfx=262144"
Player connection [28468] Host "[IP] 192.168.227.1 [Port] 0 [Flags] 2 [Guid] 2222142190 [EditorId] 2222142190 [Version] 1048832 [Id] WindowsEditor(7,Father-Future) [Debug] 1 [PackageName] WindowsEditor [ProjectName] Editor" joined multi-casting on [225.0.0.222:54997]...

Player connection [28468] Host "[IP] 192.168.227.1 [Port] 0 [Flags] 2 [Guid] 2222142190 [EditorId] 2222142190 [Version] 1048832 [Id] WindowsEditor(7,Father-Future) [Debug] 1 [PackageName] WindowsEditor [ProjectName] Editor" joined alternative multi-casting on [225.0.0.222:34997]...

AS: AutoStreaming module initializing.
[Physics::Module] Initialized MultithreadedJobDispatcher with {0} workers.
Refreshing native plugins compatible for Editor in 120.55 ms, found 3 plugins.
Preloading 0 native plugins for Editor in 0.00 ms.
Initialize engine version: 2021.3.34f1c1 (9b1d5b08fe8a)
[Subsystems] Discovering subsystems at path G:/Unity_Editor/2021.3.34f1c1/Editor/Data/Resources/UnitySubsystems
[Subsystems] Discovering subsystems at path G:/2.5dgame/game and game/Assets
GfxDevice: creating device client; threaded=0; jobified=0
Direct3D:
    Version:  Direct3D 11.0 [level 11.1]
    Renderer: NVIDIA GeForce RTX 3060 Laptop GPU (ID=0x2520)
    Vendor:   NVIDIA
    VRAM:     5996 MB
    Driver:   31.0.15.5161
Initialize mono
Mono path[0] = 'G:/Unity_Editor/2021.3.34f1c1/Editor/Data/Managed'
Mono path[1] = 'G:/Unity_Editor/2021.3.34f1c1/Editor/Data/MonoBleedingEdge/lib/mono/unityjit-win32'
Mono config path = 'G:/Unity_Editor/2021.3.34f1c1/Editor/Data/MonoBleedingEdge/etc'
Using monoOptions --debugger-agent=transport=dt_socket,embedding=1,server=y,suspend=n,address=127.0.0.1:56712
Begin MonoManager ReloadAssembly
Registering precompiled unity dll's ...
Register platform support module: G:/Unity_Editor/2021.3.34f1c1/Editor/Data/PlaybackEngines/WindowsStandaloneSupport/UnityEditor.WindowsStandalone.Extensions.dll
Registered in 0.003496 seconds.
Native extension for WindowsStandalone target not found
Refreshing native plugins compatible for Editor in 80.48 ms, found 3 plugins.
Preloading 0 native plugins for Editor in 0.00 ms.
Mono: successfully reloaded assembly
- Completed reload, in  0.920 seconds
Domain Reload Profiling:
	ReloadAssembly (921ms)
		BeginReloadAssembly (195ms)
			ExecutionOrderSort (0ms)
			DisableScriptedObjects (0ms)
			BackupInstance (0ms)
			ReleaseScriptingObjects (0ms)
			CreateAndSetChildDomain (2ms)
		EndReloadAssembly (572ms)
			LoadAssemblies (185ms)
			RebuildTransferFunctionScriptingTraits (0ms)
			SetupTypeCache (155ms)
			ReleaseScriptCaches (0ms)
			RebuildScriptCaches (37ms)
			SetupLoadedEditorAssemblies (324ms)
				LogAssemblyErrors (0ms)
				InitializePlatformSupportModulesInManaged (11ms)
				SetLoadedEditorAssemblies (0ms)
				RefreshPlugins (81ms)
				BeforeProcessingInitializeOnLoad (2ms)
				ProcessInitializeOnLoadAttributes (161ms)
				ProcessInitializeOnLoadMethodAttributes (69ms)
				AfterProcessingInitializeOnLoad (0ms)
				EditorAssembliesLoaded (0ms)
			ExecutionOrderSort2 (0ms)
			AwakeInstancesAfterBackupRestoration (0ms)
Platform modules already initialized, skipping
Registering precompiled user dll's ...
Registered in 0.015383 seconds.
Begin MonoManager ReloadAssembly
Native extension for WindowsStandalone target not found
Refreshing native plugins compatible for Editor in 0.48 ms, found 3 plugins.
Preloading 0 native plugins for Editor in 0.00 ms.
Package Manager log level set to [2]
[Package Manager] Server::EnsureServerProcessIsRunning -- launch failed, reason: Unity was launched with the -noUpm command-line argument
[Package Manager] Cannot connect to Unity Package Manager local server
Mono: successfully reloaded assembly
- Completed reload, in  1.962 seconds
Domain Reload Profiling:
	ReloadAssembly (1963ms)
		BeginReloadAssembly (170ms)
			ExecutionOrderSort (0ms)
			DisableScriptedObjects (8ms)
			BackupInstance (0ms)
			ReleaseScriptingObjects (0ms)
			CreateAndSetChildDomain (22ms)
		EndReloadAssembly (1633ms)
			LoadAssemblies (146ms)
			RebuildTransferFunctionScriptingTraits (0ms)
			SetupTypeCache (392ms)
			ReleaseScriptCaches (1ms)
			RebuildScriptCaches (64ms)
			SetupLoadedEditorAssemblies (1011ms)
				LogAssemblyErrors (0ms)
				InitializePlatformSupportModulesInManaged (4ms)
				SetLoadedEditorAssemblies (0ms)
				RefreshPlugins (1ms)
				BeforeProcessingInitializeOnLoad (74ms)
				ProcessInitializeOnLoadAttributes (888ms)
				ProcessInitializeOnLoadMethodAttributes (33ms)
				AfterProcessingInitializeOnLoad (10ms)
				EditorAssembliesLoaded (0ms)
			ExecutionOrderSort2 (0ms)
			AwakeInstancesAfterBackupRestoration (14ms)
Platform modules already initialized, skipping
========================================================================
Worker process is ready to serve import requests
Launched and connected shader compiler UnityShaderCompiler.exe after 0.07 seconds
Refreshing native plugins compatible for Editor in 2.76 ms, found 3 plugins.
Preloading 0 native plugins for Editor in 0.00 ms.
Unloading 3075 Unused Serialized files (Serialized files now loaded: 0)
Unloading 23 unused Assets / (46.5 KB). Loaded Objects now: 3535.
Memory consumption went from 113.1 MB to 113.0 MB.
Total: 5.693400 ms (FindLiveObjects: 0.244300 ms CreateObjectMapping: 0.096800 ms MarkObjects: 5.135300 ms  DeleteObjects: 0.214400 ms)

AssetImportParameters requested are different than current active one (requested -> active):
  custom:video-decoder-ogg-theora: a1e56fd34408186e4bbccfd4996cb3dc -> 
  custom:container-muxer-webm: aa71ff27fc2769a1b78a27578f13a17b -> 
  custom:container-demuxer-webm: 4f35f7cbe854078d1ac9338744f61a02 -> 
  custom:video-encoder-webm-vp8: eb34c28f22e8b96e1ab97ce403110664 -> 
  custom:video-codec-MediaFoundation-h265: 746d11721c4dcdbdad8f713fa42b33f4 -> 
  custom:CustomObjectIndexerAttribute: bc11b3a6c3213fcdd17b65e7da85e133 -> 
  custom:audio-encoder-webm-vorbis: bf7c407c2cedff20999df2af8eb42d56 -> 
  custom:framework-win-MediaFoundation: 216162199b28c13a410421893ffa2e32 -> 
  custom:SearchIndexIgnoredProperties: e643bd26f0fe6173181afceb89e7c659 -> 
  custom:container-demuxer-ogg: 62fdf1f143b41e24485cea50d1cbac27 -> 
  custom:video-decoder-webm-vp8: 9c59270c3fd7afecdb556c50c9e8de78 -> 
  custom:audio-decoder-ogg-vorbis: bf7c407c2cedff20999df2af8eb42d56 -> 
========================================================================
Received Import Request.
  Time since last request: 15204.769107 seconds.
  path: Assets/Cainos/Pixel Art Top Down - Basic/Prefab/Props/PF Gate T2.prefab
  artifactKey: Guid(b95acdc3b0c1a444c87723520fbab2f0) Importer(815301076,1909f56bfc062723c751e8b465ee728b)
Number of updated assets reloaded before import = 0
Start importing Assets/Cainos/Pixel Art Top Down - Basic/Prefab/Props/PF Gate T2.prefab using Guid(b95acdc3b0c1a444c87723520fbab2f0) Importer(815301076,1909f56bfc062723c751e8b465ee728b)  -> (artifact id: '1271c824dcee8915b52e5d28930db91e') in 0.248541 seconds 
Number of asset objects unloaded after import = 28
========================================================================
Received Import Request.
  Time since last request: 0.000127 seconds.
  path: Assets/Cainos/Pixel Art Top Down - Basic/Prefab/Props/PF Props Stone Bench S.prefab
  artifactKey: Guid(8fd7cba4384381e4aad6dc90158fc9d5) Importer(815301076,1909f56bfc062723c751e8b465ee728b)
Number of updated assets reloaded before import = 0
Start importing Assets/Cainos/Pixel Art Top Down - Basic/Prefab/Props/PF Props Stone Bench S.prefab using Guid(8fd7cba4384381e4aad6dc90158fc9d5) Importer(815301076,1909f56bfc062723c751e8b465ee728b)  -> (artifact id: '47989d12cb22cac37915291c78ce3d0f') in 0.032584 seconds 
Number of asset objects unloaded after import = 15
========================================================================
Received Import Request.
  Time since last request: 0.000062 seconds.
  path: Assets/Cainos/Pixel Art Top Down - Basic/Prefab/Props/PF Props Pot A.prefab
  artifactKey: Guid(ac719b1d0f58391469cc19fd947ca44c) Importer(815301076,1909f56bfc062723c751e8b465ee728b)
Number of updated assets reloaded before import = 0
Start importing Assets/Cainos/Pixel Art Top Down - Basic/Prefab/Props/PF Props Pot A.prefab using Guid(ac719b1d0f58391469cc19fd947ca44c) Importer(815301076,1909f56bfc062723c751e8b465ee728b)  -> (artifact id: 'eca6b6523efa80d12592e720558ce00a') in 0.024746 seconds 
Number of asset objects unloaded after import = 16
========================================================================
Received Import Request.
  Time since last request: 0.000139 seconds.
  path: Assets/Cainos/Pixel Art Top Down - Basic/Prefab/Props/PF Props Stone Bench W.prefab
  artifactKey: Guid(8eb546cfc24c8c24196899cee5797135) Importer(815301076,1909f56bfc062723c751e8b465ee728b)
Number of updated assets reloaded before import = 0
Start importing Assets/Cainos/Pixel Art Top Down - Basic/Prefab/Props/PF Props Stone Bench W.prefab using Guid(8eb546cfc24c8c24196899cee5797135) Importer(815301076,1909f56bfc062723c751e8b465ee728b)  -> (artifact id: 'adcbe1d46da7f404e5832bfcd412671d') in 0.029458 seconds 
Number of asset objects unloaded after import = 15
========================================================================
Received Import Request.
  Time since last request: 4.022933 seconds.
  path: Assets/Cainos/Pixel Art Top Down - Basic/Prefab/Props/PF Props Stone T1.prefab
  artifactKey: Guid(6d69371a87148ee4dac7b2b814437ffd) Importer(815301076,1909f56bfc062723c751e8b465ee728b)
Number of updated assets reloaded before import = 0
Start importing Assets/Cainos/Pixel Art Top Down - Basic/Prefab/Props/PF Props Stone T1.prefab using Guid(6d69371a87148ee4dac7b2b814437ffd) Importer(815301076,1909f56bfc062723c751e8b465ee728b)  -> (artifact id: '0b38710653d2601fbc64e924a80e9a9b') in 0.041099 seconds 
Number of asset objects unloaded after import = 14
========================================================================
Received Import Request.
  Time since last request: 0.000107 seconds.
  path: Assets/Cainos/Pixel Art Top Down - Basic/Prefab/Props/PF Props Stone T6.prefab
  artifactKey: Guid(d5762f992ea3bd544bb8287f66e8f844) Importer(815301076,1909f56bfc062723c751e8b465ee728b)
Number of updated assets reloaded before import = 0
Start importing Assets/Cainos/Pixel Art Top Down - Basic/Prefab/Props/PF Props Stone T6.prefab using Guid(d5762f992ea3bd544bb8287f66e8f844) Importer(815301076,1909f56bfc062723c751e8b465ee728b)  -> (artifact id: 'df063461dc5124d6f519289a306fc788') in 0.022438 seconds 
Number of asset objects unloaded after import = 15
========================================================================
Received Import Request.
  Time since last request: 0.000052 seconds.
  path: Assets/Cainos/Pixel Art Top Down - Basic/Prefab/Props/PF Props Well.prefab
  artifactKey: Guid(91afc0649ae41a64c860a5d49f05ff40) Importer(815301076,1909f56bfc062723c751e8b465ee728b)
Number of updated assets reloaded before import = 0
Start importing Assets/Cainos/Pixel Art Top Down - Basic/Prefab/Props/PF Props Well.prefab using Guid(91afc0649ae41a64c860a5d49f05ff40) Importer(815301076,1909f56bfc062723c751e8b465ee728b)  -> (artifact id: '27eafbe3e304f9d11a53b57f4efd352b') in 0.021613 seconds 
Number of asset objects unloaded after import = 15
========================================================================
Received Import Request.
  Time since last request: 19.516412 seconds.
  path: Assets/Cainos/Pixel Art Top Down - Basic/Material/MT Shadow.mat
  artifactKey: Guid(6f3f1f0060a4d6a4980ea3283643fbdd) Importer(815301076,1909f56bfc062723c751e8b465ee728b)
Number of updated assets reloaded before import = 0
Start importing Assets/Cainos/Pixel Art Top Down - Basic/Material/MT Shadow.mat using Guid(6f3f1f0060a4d6a4980ea3283643fbdd) Importer(815301076,1909f56bfc062723c751e8b465ee728b)  -> (artifact id: 'cd9dcad19f962b8c940113ed04e7c81f') in 0.042201 seconds 
Number of asset objects unloaded after import = 1
========================================================================
Received Import Request.
  Time since last request: 16.742341 seconds.
  path: Assets/Cainos/Pixel Art Top Down - Basic/Texture/TX Player.png
  artifactKey: Guid(ec47f75fe8aff1644ac73998f4ad31b5) Importer(815301076,1909f56bfc062723c751e8b465ee728b)
Number of updated assets reloaded before import = 0
Start importing Assets/Cainos/Pixel Art Top Down - Basic/Texture/TX Player.png using Guid(ec47f75fe8aff1644ac73998f4ad31b5) Importer(815301076,1909f56bfc062723c751e8b465ee728b)  -> (artifact id: '80d64e9ccc8d51552bc1e4ab23181aa2') in 0.068473 seconds 
Number of asset objects unloaded after import = 6
========================================================================
Received Import Request.
  Time since last request: 0.000134 seconds.
  path: Assets/Cainos/Pixel Art Top Down - Basic/Texture/TX Struct.png
  artifactKey: Guid(dda6bbdb704d84847b38f9eced72bf59) Importer(815301076,1909f56bfc062723c751e8b465ee728b)
Number of updated assets reloaded before import = 0
Start importing Assets/Cainos/Pixel Art Top Down - Basic/Texture/TX Struct.png using Guid(dda6bbdb704d84847b38f9eced72bf59) Importer(815301076,1909f56bfc062723c751e8b465ee728b)  -> (artifact id: '8c5d688a655f1fef0c3dd0cde642ea55') in 0.136667 seconds 
Number of asset objects unloaded after import = 24
========================================================================
Received Import Request.
  Time since last request: 0.000039 seconds.
  path: Assets/Cainos/Pixel Art Top Down - Basic/Texture/TX Tileset Wall.png
  artifactKey: Guid(9f8f114589864b6489859a58fbb6baf9) Importer(815301076,1909f56bfc062723c751e8b465ee728b)
Number of updated assets reloaded before import = 0
Start importing Assets/Cainos/Pixel Art Top Down - Basic/Texture/TX Tileset Wall.png using Guid(9f8f114589864b6489859a58fbb6baf9) Importer(815301076,1909f56bfc062723c751e8b465ee728b)  -> (artifact id: '2bd603d6f07f7188297da1e361bc2e48') in 0.179631 seconds 
Number of asset objects unloaded after import = 63
========================================================================
Received Import Request.
  Time since last request: 8.074935 seconds.
  path: Assets/Cainos/Pixel Art Top Down - Basic/Tile Palette/TP Stone Ground.prefab
  artifactKey: Guid(d4e83863d09313942bd8054738fe5a22) Importer(815301076,1909f56bfc062723c751e8b465ee728b)
Number of updated assets reloaded before import = 0
Start importing Assets/Cainos/Pixel Art Top Down - Basic/Tile Palette/TP Stone Ground.prefab using Guid(d4e83863d09313942bd8054738fe5a22) Importer(815301076,1909f56bfc062723c751e8b465ee728b)  -> (artifact id: '1a389af1fa45fd41f29d30a477515345') in 0.044397 seconds 
Number of asset objects unloaded after import = 111
========================================================================
Received Import Request.
  Time since last request: 1.467258 seconds.
  path: Assets/Cainos/Pixel Art Top Down - Basic/Tile Palette/TP Wall/TX Shadow Tileset Wall 2.asset
  artifactKey: Guid(2f3b07d6ad9eccc47b6cd451a5df9a45) Importer(815301076,1909f56bfc062723c751e8b465ee728b)
Number of updated assets reloaded before import = 0
Start importing Assets/Cainos/Pixel Art Top Down - Basic/Tile Palette/TP Wall/TX Shadow Tileset Wall 2.asset using Guid(2f3b07d6ad9eccc47b6cd451a5df9a45) Importer(815301076,1909f56bfc062723c751e8b465ee728b)  -> (artifact id: '3a17414d8a2e46fc323c448bcadfb417') in 0.031093 seconds 
Number of asset objects unloaded after import = 3
========================================================================
Received Import Request.
  Time since last request: 0.000024 seconds.
  path: Assets/Cainos/Pixel Art Top Down - Basic/Tile Palette/TP Wall/TX Tileset Wall_23.asset
  artifactKey: Guid(4eda2498ff988b547a51a6ed8b86529e) Importer(815301076,1909f56bfc062723c751e8b465ee728b)
Number of updated assets reloaded before import = 0
Start importing Assets/Cainos/Pixel Art Top Down - Basic/Tile Palette/TP Wall/TX Tileset Wall_23.asset using Guid(4eda2498ff988b547a51a6ed8b86529e) Importer(815301076,1909f56bfc062723c751e8b465ee728b)  -> (artifact id: '8cc843d0b5ac6aaa135f00cc49f5f096') in 0.014399 seconds 
Number of asset objects unloaded after import = 3
========================================================================
Received Import Request.
  Time since last request: 0.000028 seconds.
  path: Assets/Cainos/Pixel Art Top Down - Basic/Tile Palette/TP Wall/TX Tileset Wall_25.asset
  artifactKey: Guid(8be27a7af89a7164283e45689a61753d) Importer(815301076,1909f56bfc062723c751e8b465ee728b)
Number of updated assets reloaded before import = 0
Start importing Assets/Cainos/Pixel Art Top Down - Basic/Tile Palette/TP Wall/TX Tileset Wall_25.asset using Guid(8be27a7af89a7164283e45689a61753d) Importer(815301076,1909f56bfc062723c751e8b465ee728b)  -> (artifact id: 'a75052ec8344660d321b7fa97e41ead3') in 0.023470 seconds 
Number of asset objects unloaded after import = 3
========================================================================
Received Import Request.
  Time since last request: 0.000128 seconds.
  path: Assets/Cainos/Pixel Art Top Down - Basic/Tile Palette/TP Wall/TX Tileset Wall_15.asset
  artifactKey: Guid(c0f664a74aa88e144b91be61242700c8) Importer(815301076,1909f56bfc062723c751e8b465ee728b)
Number of updated assets reloaded before import = 0
Start importing Assets/Cainos/Pixel Art Top Down - Basic/Tile Palette/TP Wall/TX Tileset Wall_15.asset using Guid(c0f664a74aa88e144b91be61242700c8) Importer(815301076,1909f56bfc062723c751e8b465ee728b)  -> (artifact id: '8bff5a28b1e32a38a5aaa415f37cd138') in 0.023915 seconds 
Number of asset objects unloaded after import = 3
========================================================================
Received Import Request.
  Time since last request: 0.000027 seconds.
  path: Assets/Cainos/Pixel Art Top Down - Basic/Tile Palette/TP Wall/TX Tileset Wall_29.asset
  artifactKey: Guid(5cb2704116eff4443b949135e9fe07f9) Importer(815301076,1909f56bfc062723c751e8b465ee728b)
Number of updated assets reloaded before import = 0
Start importing Assets/Cainos/Pixel Art Top Down - Basic/Tile Palette/TP Wall/TX Tileset Wall_29.asset using Guid(5cb2704116eff4443b949135e9fe07f9) Importer(815301076,1909f56bfc062723c751e8b465ee728b)  -> (artifact id: '4e9c55b046fdf4a40c82fd5abc292454') in 0.026632 seconds 
Number of asset objects unloaded after import = 3
========================================================================
Received Import Request.
  Time since last request: 0.000032 seconds.
  path: Assets/Cainos/Pixel Art Top Down - Basic/Tile Palette/TP Wall/TX Tileset Wall_20.asset
  artifactKey: Guid(ed50a80c6ba59cf428ffc19f53876b01) Importer(815301076,1909f56bfc062723c751e8b465ee728b)
Number of updated assets reloaded before import = 0
Start importing Assets/Cainos/Pixel Art Top Down - Basic/Tile Palette/TP Wall/TX Tileset Wall_20.asset using Guid(ed50a80c6ba59cf428ffc19f53876b01) Importer(815301076,1909f56bfc062723c751e8b465ee728b)  -> (artifact id: '21766013f68f0a44c90f9a4020e1d6c8') in 0.022361 seconds 
Number of asset objects unloaded after import = 3
========================================================================
Received Import Request.
  Time since last request: 0.000077 seconds.
  path: Assets/Cainos/Pixel Art Top Down - Basic/Tile Palette/TP Wall/TX Tileset Wall_27.asset
  artifactKey: Guid(bf5a0a54564a0a3418aa14ce4ee8470c) Importer(815301076,1909f56bfc062723c751e8b465ee728b)
Number of updated assets reloaded before import = 0
Start importing Assets/Cainos/Pixel Art Top Down - Basic/Tile Palette/TP Wall/TX Tileset Wall_27.asset using Guid(bf5a0a54564a0a3418aa14ce4ee8470c) Importer(815301076,1909f56bfc062723c751e8b465ee728b)  -> (artifact id: 'cd938f1dc3f620c55f7fdc739f6a2dff') in 0.017309 seconds 
Number of asset objects unloaded after import = 3
========================================================================
Received Import Request.
  Time since last request: 2.960457 seconds.
  path: Assets/Cainos/Pixel Art Top Down - Basic/Tile Palette/TP Stone Ground/TX Tileset Stone Ground_1.asset
  artifactKey: Guid(25ecd62c3dae4eb418ab0ff556e51195) Importer(815301076,1909f56bfc062723c751e8b465ee728b)
Number of updated assets reloaded before import = 0
Start importing Assets/Cainos/Pixel Art Top Down - Basic/Tile Palette/TP Stone Ground/TX Tileset Stone Ground_1.asset using Guid(25ecd62c3dae4eb418ab0ff556e51195) Importer(815301076,1909f56bfc062723c751e8b465ee728b)  -> (artifact id: 'c8df9f76462caa79bcd8b8cc16b6f3b8') in 0.017195 seconds 
Number of asset objects unloaded after import = 3
========================================================================
Received Import Request.
  Time since last request: 0.000082 seconds.
  path: Assets/Cainos/Pixel Art Top Down - Basic/Tile Palette/TP Stone Ground/TX Tileset Stone Ground_18.asset
  artifactKey: Guid(e43ab35d6a5685241a17d90925d9a865) Importer(815301076,1909f56bfc062723c751e8b465ee728b)
Number of updated assets reloaded before import = 0
Start importing Assets/Cainos/Pixel Art Top Down - Basic/Tile Palette/TP Stone Ground/TX Tileset Stone Ground_18.asset using Guid(e43ab35d6a5685241a17d90925d9a865) Importer(815301076,1909f56bfc062723c751e8b465ee728b)  -> (artifact id: '0879c0fa1e7929b9f02a089a0874045a') in 0.017584 seconds 
Number of asset objects unloaded after import = 3
========================================================================
Received Import Request.
  Time since last request: 0.000047 seconds.
  path: Assets/Cainos/Pixel Art Top Down - Basic/Tile Palette/TP Stone Ground/TX Tileset Stone Ground_31.asset
  artifactKey: Guid(25c5faa948898434db81d53c701fd51e) Importer(815301076,1909f56bfc062723c751e8b465ee728b)
Number of updated assets reloaded before import = 0
Start importing Assets/Cainos/Pixel Art Top Down - Basic/Tile Palette/TP Stone Ground/TX Tileset Stone Ground_31.asset using Guid(25c5faa948898434db81d53c701fd51e) Importer(815301076,1909f56bfc062723c751e8b465ee728b)  -> (artifact id: 'aabe448c1216b9afd2a25e74a665e295') in 0.022364 seconds 
Number of asset objects unloaded after import = 3
========================================================================
Received Import Request.
  Time since last request: 0.000028 seconds.
  path: Assets/Cainos/Pixel Art Top Down - Basic/Tile Palette/TP Stone Ground/TX Tileset Stone Ground_11.asset
  artifactKey: Guid(58ecfed316f7f6e4eb4335ccee5a605f) Importer(815301076,1909f56bfc062723c751e8b465ee728b)
Number of updated assets reloaded before import = 0
Start importing Assets/Cainos/Pixel Art Top Down - Basic/Tile Palette/TP Stone Ground/TX Tileset Stone Ground_11.asset using Guid(58ecfed316f7f6e4eb4335ccee5a605f) Importer(815301076,1909f56bfc062723c751e8b465ee728b)  -> (artifact id: '758c1b131e609a5a571a95bbfef9311f') in 0.014977 seconds 
Number of asset objects unloaded after import = 3
========================================================================
Received Import Request.
  Time since last request: 0.000100 seconds.
  path: Assets/Cainos/Pixel Art Top Down - Basic/Tile Palette/TP Stone Ground/TX Tileset Stone Ground_32.asset
  artifactKey: Guid(770daa95abe070045950c08ee0afadc2) Importer(815301076,1909f56bfc062723c751e8b465ee728b)
Number of updated assets reloaded before import = 0
Start importing Assets/Cainos/Pixel Art Top Down - Basic/Tile Palette/TP Stone Ground/TX Tileset Stone Ground_32.asset using Guid(770daa95abe070045950c08ee0afadc2) Importer(815301076,1909f56bfc062723c751e8b465ee728b)  -> (artifact id: '471d7461b2cbc338b82ea056a1b73b09') in 0.021681 seconds 
Number of asset objects unloaded after import = 3
========================================================================
Received Import Request.
  Time since last request: 0.000116 seconds.
  path: Assets/Cainos/Pixel Art Top Down - Basic/Tile Palette/TP Stone Ground/TX Tileset Stone Ground_23.asset
  artifactKey: Guid(f6b6cd20b4961164798fe1031aef5031) Importer(815301076,1909f56bfc062723c751e8b465ee728b)
Number of updated assets reloaded before import = 0
Start importing Assets/Cainos/Pixel Art Top Down - Basic/Tile Palette/TP Stone Ground/TX Tileset Stone Ground_23.asset using Guid(f6b6cd20b4961164798fe1031aef5031) Importer(815301076,1909f56bfc062723c751e8b465ee728b)  -> (artifact id: 'd92a97f8ed67937dbb7a52ce839e3ce3') in 0.024004 seconds 
Number of asset objects unloaded after import = 3
========================================================================
Received Import Request.
  Time since last request: 0.000040 seconds.
  path: Assets/Cainos/Pixel Art Top Down - Basic/Tile Palette/TP Stone Ground/TX Tileset Stone Ground_7.asset
  artifactKey: Guid(7ce0e64acc4968343b4d0742ee6963a8) Importer(815301076,1909f56bfc062723c751e8b465ee728b)
Number of updated assets reloaded before import = 0
Start importing Assets/Cainos/Pixel Art Top Down - Basic/Tile Palette/TP Stone Ground/TX Tileset Stone Ground_7.asset using Guid(7ce0e64acc4968343b4d0742ee6963a8) Importer(815301076,1909f56bfc062723c751e8b465ee728b)  -> (artifact id: '50ea15f256be31d482a49d6758d79e49') in 0.019452 seconds 
Number of asset objects unloaded after import = 3
========================================================================
Received Import Request.
  Time since last request: 1.098824 seconds.
  path: Assets/Cainos/Pixel Art Top Down - Basic/Tile Palette/TP Stone Ground/TX Tileset Stone Ground_38.asset
  artifactKey: Guid(ebc7e2cba71b00c4bb3606151d6c45ad) Importer(815301076,1909f56bfc062723c751e8b465ee728b)
Number of updated assets reloaded before import = 0
Start importing Assets/Cainos/Pixel Art Top Down - Basic/Tile Palette/TP Stone Ground/TX Tileset Stone Ground_38.asset using Guid(ebc7e2cba71b00c4bb3606151d6c45ad) Importer(815301076,1909f56bfc062723c751e8b465ee728b)  -> (artifact id: 'dd680f6d2a3c1f32f324835b55ea97e1') in 0.012094 seconds 
Number of asset objects unloaded after import = 3
========================================================================
Received Import Request.
  Time since last request: 0.000019 seconds.
  path: Assets/Cainos/Pixel Art Top Down - Basic/Tile Palette/TP Stone Ground/TX Tileset Stone Ground_43.asset
  artifactKey: Guid(eef9691b1631014439dae500aba2926f) Importer(815301076,1909f56bfc062723c751e8b465ee728b)
Number of updated assets reloaded before import = 0
Start importing Assets/Cainos/Pixel Art Top Down - Basic/Tile Palette/TP Stone Ground/TX Tileset Stone Ground_43.asset using Guid(eef9691b1631014439dae500aba2926f) Importer(815301076,1909f56bfc062723c751e8b465ee728b)  -> (artifact id: '7ef95e34dcb396bdd18b1dd3827ef8b2') in 0.016043 seconds 
Number of asset objects unloaded after import = 3
========================================================================
Received Import Request.
  Time since last request: 0.000042 seconds.
  path: Assets/Cainos/Pixel Art Top Down - Basic/Tile Palette/TP Stone Ground/TX Tileset Stone Ground_42.asset
  artifactKey: Guid(0da41aee1c6ad1947ae6c8b7e23130ac) Importer(815301076,1909f56bfc062723c751e8b465ee728b)
Number of updated assets reloaded before import = 0
Start importing Assets/Cainos/Pixel Art Top Down - Basic/Tile Palette/TP Stone Ground/TX Tileset Stone Ground_42.asset using Guid(0da41aee1c6ad1947ae6c8b7e23130ac) Importer(815301076,1909f56bfc062723c751e8b465ee728b)  -> (artifact id: '06cd4d39a5247e2ffcfe728f359c3715') in 0.011857 seconds 
Number of asset objects unloaded after import = 3
========================================================================
Received Import Request.
  Time since last request: 8.161477 seconds.
  path: Assets/Cainos/Pixel Art Top Down - Basic/Tile Palette/TP Grass/TX Tileset Grass 1.asset
  artifactKey: Guid(ae68d965a4218a94ca2134f0ae2007c4) Importer(815301076,1909f56bfc062723c751e8b465ee728b)
Number of updated assets reloaded before import = 0
Start importing Assets/Cainos/Pixel Art Top Down - Basic/Tile Palette/TP Grass/TX Tileset Grass 1.asset using Guid(ae68d965a4218a94ca2134f0ae2007c4) Importer(815301076,1909f56bfc062723c751e8b465ee728b)  -> (artifact id: '8f70260f9f25f74226755b316e22e435') in 0.013195 seconds 
Number of asset objects unloaded after import = 3
========================================================================
Received Import Request.
  Time since last request: 0.000028 seconds.
  path: Assets/Cainos/Pixel Art Top Down - Basic/Tile Palette/TP Grass/TX Tileset Grass Flower 4.asset
  artifactKey: Guid(34303d25145ab104f8fabf97fe65552d) Importer(815301076,1909f56bfc062723c751e8b465ee728b)
Number of updated assets reloaded before import = 0
Start importing Assets/Cainos/Pixel Art Top Down - Basic/Tile Palette/TP Grass/TX Tileset Grass Flower 4.asset using Guid(34303d25145ab104f8fabf97fe65552d) Importer(815301076,1909f56bfc062723c751e8b465ee728b)  -> (artifact id: 'e573407a6da9d33a2f75a9c9a6f12d37') in 0.020314 seconds 
Number of asset objects unloaded after import = 3
========================================================================
Received Import Request.
  Time since last request: 0.000028 seconds.
  path: Assets/Cainos/Pixel Art Top Down - Basic/Tile Palette/TP Grass/TX Tileset Grass 11.asset
  artifactKey: Guid(aa14e442c407b164a9e0bba1fd35004d) Importer(815301076,1909f56bfc062723c751e8b465ee728b)
Number of updated assets reloaded before import = 0
Start importing Assets/Cainos/Pixel Art Top Down - Basic/Tile Palette/TP Grass/TX Tileset Grass 11.asset using Guid(aa14e442c407b164a9e0bba1fd35004d) Importer(815301076,1909f56bfc062723c751e8b465ee728b)  -> (artifact id: 'dcfdffe26adc35c9441dbc617d4c0934') in 0.017061 seconds 
Number of asset objects unloaded after import = 3
========================================================================
Received Import Request.
  Time since last request: 0.000080 seconds.
  path: Assets/Cainos/Pixel Art Top Down - Basic/Tile Palette/TP Grass/TX Tileset Grass 5.asset
  artifactKey: Guid(54b6893f2afe6354ebdccde3f53a6a65) Importer(815301076,1909f56bfc062723c751e8b465ee728b)
Number of updated assets reloaded before import = 0
Start importing Assets/Cainos/Pixel Art Top Down - Basic/Tile Palette/TP Grass/TX Tileset Grass 5.asset using Guid(54b6893f2afe6354ebdccde3f53a6a65) Importer(815301076,1909f56bfc062723c751e8b465ee728b)  -> (artifact id: '6e6ebe001d6c544d072608eb9f090212') in 0.020027 seconds 
Number of asset objects unloaded after import = 3
========================================================================
Received Import Request.
  Time since last request: 0.000030 seconds.
  path: Assets/Cainos/Pixel Art Top Down - Basic/Tile Palette/TP Grass/TX Tileset Grass 10.asset
  artifactKey: Guid(76a0eb89921157e448ea699f93e95564) Importer(815301076,1909f56bfc062723c751e8b465ee728b)
Number of updated assets reloaded before import = 0
Start importing Assets/Cainos/Pixel Art Top Down - Basic/Tile Palette/TP Grass/TX Tileset Grass 10.asset using Guid(76a0eb89921157e448ea699f93e95564) Importer(815301076,1909f56bfc062723c751e8b465ee728b)  -> (artifact id: 'fc0c776576fd5073fd538adc85285596') in 0.018821 seconds 
Number of asset objects unloaded after import = 3
========================================================================
Received Import Request.
  Time since last request: 0.000027 seconds.
  path: Assets/Cainos/Pixel Art Top Down - Basic/Tile Palette/TP Grass/TX Tileset Grass Pavement 2.asset
  artifactKey: Guid(6d62ee5bebfab4543a4d42e4d00e4921) Importer(815301076,1909f56bfc062723c751e8b465ee728b)
Number of updated assets reloaded before import = 0
Start importing Assets/Cainos/Pixel Art Top Down - Basic/Tile Palette/TP Grass/TX Tileset Grass Pavement 2.asset using Guid(6d62ee5bebfab4543a4d42e4d00e4921) Importer(815301076,1909f56bfc062723c751e8b465ee728b)  -> (artifact id: 'd26fcba2e1526e1ad9b2dc1760a04db9') in 0.015204 seconds 
Number of asset objects unloaded after import = 3
========================================================================
Received Import Request.
  Time since last request: 0.000157 seconds.
  path: Assets/Cainos/Pixel Art Top Down - Basic/Tile Palette/TP Grass/TX Tileset Grass Flower 12.asset
  artifactKey: Guid(57b6fab8e8adf24478f260a85ba4fa71) Importer(815301076,1909f56bfc062723c751e8b465ee728b)
Number of updated assets reloaded before import = 0
Start importing Assets/Cainos/Pixel Art Top Down - Basic/Tile Palette/TP Grass/TX Tileset Grass Flower 12.asset using Guid(57b6fab8e8adf24478f260a85ba4fa71) Importer(815301076,1909f56bfc062723c751e8b465ee728b)  -> (artifact id: '19b85b06e519e23f854e36af16a19a75') in 0.024066 seconds 
Number of asset objects unloaded after import = 3
========================================================================
Received Import Request.
  Time since last request: 0.588267 seconds.
  path: Assets/Cainos/Pixel Art Top Down - Basic/Tile Palette/TP Grass/TX Tileset Grass Pavement 6.asset
  artifactKey: Guid(1eb88b0997574584f9e6103018404c4c) Importer(815301076,1909f56bfc062723c751e8b465ee728b)
Number of updated assets reloaded before import = 0
Start importing Assets/Cainos/Pixel Art Top Down - Basic/Tile Palette/TP Grass/TX Tileset Grass Pavement 6.asset using Guid(1eb88b0997574584f9e6103018404c4c) Importer(815301076,1909f56bfc062723c751e8b465ee728b)  -> (artifact id: '00d3bfb5ef5693e87cc7a5cd37883b09') in 0.011173 seconds 
Number of asset objects unloaded after import = 3
========================================================================
Received Import Request.
  Time since last request: 0.000018 seconds.
  path: Assets/Cainos/Pixel Art Top Down - Basic/Tile Palette/TP Grass/TX Tileset Grass_43.asset
  artifactKey: Guid(c144af5afd6ab544390bce2a0d1ce972) Importer(815301076,1909f56bfc062723c751e8b465ee728b)
Number of updated assets reloaded before import = 0
Start importing Assets/Cainos/Pixel Art Top Down - Basic/Tile Palette/TP Grass/TX Tileset Grass_43.asset using Guid(c144af5afd6ab544390bce2a0d1ce972) Importer(815301076,1909f56bfc062723c751e8b465ee728b)  -> (artifact id: 'eeff86bb6762a04d82c4c7c0e0862a7b') in 0.015954 seconds 
Number of asset objects unloaded after import = 3
========================================================================
Received Import Request.
  Time since last request: 0.000052 seconds.
  path: Assets/Cainos/Pixel Art Top Down - Basic/Tile Palette/TP Grass/TX Tileset Grass_44.asset
  artifactKey: Guid(9130f7ce4b1b90146940f55caf75275d) Importer(815301076,1909f56bfc062723c751e8b465ee728b)
Number of updated assets reloaded before import = 0
Start importing Assets/Cainos/Pixel Art Top Down - Basic/Tile Palette/TP Grass/TX Tileset Grass_44.asset using Guid(9130f7ce4b1b90146940f55caf75275d) Importer(815301076,1909f56bfc062723c751e8b465ee728b)  -> (artifact id: '7e6674fb9ebf3c82095dce01e518abd2') in 0.014128 seconds 
Number of asset objects unloaded after import = 3
========================================================================
Received Import Request.
  Time since last request: 0.033258 seconds.
  path: Assets/Cainos/Pixel Art Top Down - Basic/Tile Palette/TP Grass/TX Tileset Grass_46.asset
  artifactKey: Guid(841517d60c3ee6342b4877ecf6e257cf) Importer(815301076,1909f56bfc062723c751e8b465ee728b)
Number of updated assets reloaded before import = 0
Start importing Assets/Cainos/Pixel Art Top Down - Basic/Tile Palette/TP Grass/TX Tileset Grass_46.asset using Guid(841517d60c3ee6342b4877ecf6e257cf) Importer(815301076,1909f56bfc062723c751e8b465ee728b)  -> (artifact id: '3d2ee374685947a5a10cfbbdac1fc44d') in 0.021795 seconds 
Number of asset objects unloaded after import = 3
========================================================================
Received Import Request.
  Time since last request: 0.000033 seconds.
  path: Assets/Cainos/Pixel Art Top Down - Basic/Tile Palette/TP Grass/TX Tileset Grass_52.asset
  artifactKey: Guid(2576b2060c95e454e9ce0fb19d18f4b9) Importer(815301076,1909f56bfc062723c751e8b465ee728b)
Number of updated assets reloaded before import = 0
Start importing Assets/Cainos/Pixel Art Top Down - Basic/Tile Palette/TP Grass/TX Tileset Grass_52.asset using Guid(2576b2060c95e454e9ce0fb19d18f4b9) Importer(815301076,1909f56bfc062723c751e8b465ee728b)  -> (artifact id: '8222d556ca1f54ca271c9f1d699453ea') in 0.017881 seconds 
Number of asset objects unloaded after import = 3
========================================================================
Received Import Request.
  Time since last request: 0.520859 seconds.
  path: Assets/Cainos/Pixel Art Top Down - Basic/Tile Palette/TP Grass/TX Tileset Grass_62.asset
  artifactKey: Guid(fa699176380f55f42a54abdfa1c53794) Importer(815301076,1909f56bfc062723c751e8b465ee728b)
Number of updated assets reloaded before import = 0
Start importing Assets/Cainos/Pixel Art Top Down - Basic/Tile Palette/TP Grass/TX Tileset Grass_62.asset using Guid(fa699176380f55f42a54abdfa1c53794) Importer(815301076,1909f56bfc062723c751e8b465ee728b)  -> (artifact id: 'ba151925fcce5220ae24aa1b528f0f7a') in 0.016593 seconds 
Number of asset objects unloaded after import = 3
