Using pre-set license
Built from '2021.3/china_unity/release' branch; Version is '2021.3.34f1c1 (9b1d5b08fe8a) revision 10165595'; Using compiler version '192829333'; Build Type 'Release'
OS: 'Windows 11  (10.0.22631) 64bit Core' Language: 'zh' Physical Memory: 16088 MB
BatchMode: 1, IsHumanControllingUs: 0, StartBugReporterOnCrash: 0, Is64bit: 1, IsPro: 1

COMMAND LINE ARGUMENTS:
G:\Unity_Editor\2021.3.34f1c1\Editor\Unity.exe
-adb2
-batchMode
-noUpm
-name
AssetImportWorker4
-projectPath
G:/2.5dgame/game and game
-logFile
Logs/AssetImportWorker4.log
-srvPort
65396
Successfully changed project path to: G:/2.5dgame/game and game
G:/2.5dgame/game and game
[UnityMemory] Configuration Parameters - Can be set up in boot.config
    "memorysetup-bucket-allocator-granularity=16"
    "memorysetup-bucket-allocator-bucket-count=8"
    "memorysetup-bucket-allocator-block-size=33554432"
    "memorysetup-bucket-allocator-block-count=8"
    "memorysetup-main-allocator-block-size=16777216"
    "memorysetup-thread-allocator-block-size=16777216"
    "memorysetup-gfx-main-allocator-block-size=16777216"
    "memorysetup-gfx-thread-allocator-block-size=16777216"
    "memorysetup-cache-allocator-block-size=4194304"
    "memorysetup-typetree-allocator-block-size=2097152"
    "memorysetup-profiler-bucket-allocator-granularity=16"
    "memorysetup-profiler-bucket-allocator-bucket-count=8"
    "memorysetup-profiler-bucket-allocator-block-size=33554432"
    "memorysetup-profiler-bucket-allocator-block-count=8"
    "memorysetup-profiler-allocator-block-size=16777216"
    "memorysetup-profiler-editor-allocator-block-size=1048576"
    "memorysetup-temp-allocator-size-main=16777216"
    "memorysetup-job-temp-allocator-block-size=2097152"
    "memorysetup-job-temp-allocator-block-size-background=1048576"
    "memorysetup-job-temp-allocator-reduction-small-platforms=262144"
    "memorysetup-temp-allocator-size-background-worker=32768"
    "memorysetup-temp-allocator-size-job-worker=262144"
    "memorysetup-temp-allocator-size-preload-manager=33554432"
    "memorysetup-temp-allocator-size-nav-mesh-worker=65536"
    "memorysetup-temp-allocator-size-audio-worker=65536"
    "memorysetup-temp-allocator-size-cloud-worker=32768"
    "memorysetup-temp-allocator-size-gi-baking-worker=262144"
    "memorysetup-temp-allocator-size-gfx=262144"
Player connection [3136] Host "[IP] 192.168.227.1 [Port] 0 [Flags] 2 [Guid] 374229403 [EditorId] 374229403 [Version] 1048832 [Id] WindowsEditor(7,Father-Future) [Debug] 1 [PackageName] WindowsEditor [ProjectName] Editor" joined multi-casting on [225.0.0.222:54997]...

Player connection [3136] Host "[IP] 192.168.227.1 [Port] 0 [Flags] 2 [Guid] 374229403 [EditorId] 374229403 [Version] 1048832 [Id] WindowsEditor(7,Father-Future) [Debug] 1 [PackageName] WindowsEditor [ProjectName] Editor" joined alternative multi-casting on [225.0.0.222:34997]...

AS: AutoStreaming module initializing.
[Physics::Module] Initialized MultithreadedJobDispatcher with {0} workers.
Refreshing native plugins compatible for Editor in 95.08 ms, found 3 plugins.
Preloading 0 native plugins for Editor in 0.00 ms.
Initialize engine version: 2021.3.34f1c1 (9b1d5b08fe8a)
[Subsystems] Discovering subsystems at path G:/Unity_Editor/2021.3.34f1c1/Editor/Data/Resources/UnitySubsystems
[Subsystems] Discovering subsystems at path G:/2.5dgame/game and game/Assets
GfxDevice: creating device client; threaded=0; jobified=0
Direct3D:
    Version:  Direct3D 11.0 [level 11.1]
    Renderer: NVIDIA GeForce RTX 3060 Laptop GPU (ID=0x2520)
    Vendor:   NVIDIA
    VRAM:     5996 MB
    Driver:   31.0.15.5161
Initialize mono
Mono path[0] = 'G:/Unity_Editor/2021.3.34f1c1/Editor/Data/Managed'
Mono path[1] = 'G:/Unity_Editor/2021.3.34f1c1/Editor/Data/MonoBleedingEdge/lib/mono/unityjit-win32'
Mono config path = 'G:/Unity_Editor/2021.3.34f1c1/Editor/Data/MonoBleedingEdge/etc'
Using monoOptions --debugger-agent=transport=dt_socket,embedding=1,server=y,suspend=n,address=127.0.0.1:56652
Begin MonoManager ReloadAssembly
Registering precompiled unity dll's ...
Register platform support module: G:/Unity_Editor/2021.3.34f1c1/Editor/Data/PlaybackEngines/WindowsStandaloneSupport/UnityEditor.WindowsStandalone.Extensions.dll
Registered in 0.002803 seconds.
Native extension for WindowsStandalone target not found
Refreshing native plugins compatible for Editor in 73.79 ms, found 3 plugins.
Preloading 0 native plugins for Editor in 0.00 ms.
Mono: successfully reloaded assembly
- Completed reload, in  0.815 seconds
Domain Reload Profiling:
	ReloadAssembly (816ms)
		BeginReloadAssembly (139ms)
			ExecutionOrderSort (0ms)
			DisableScriptedObjects (0ms)
			BackupInstance (0ms)
			ReleaseScriptingObjects (0ms)
			CreateAndSetChildDomain (1ms)
		EndReloadAssembly (549ms)
			LoadAssemblies (132ms)
			RebuildTransferFunctionScriptingTraits (0ms)
			SetupTypeCache (140ms)
			ReleaseScriptCaches (0ms)
			RebuildScriptCaches (30ms)
			SetupLoadedEditorAssemblies (324ms)
				LogAssemblyErrors (0ms)
				InitializePlatformSupportModulesInManaged (7ms)
				SetLoadedEditorAssemblies (0ms)
				RefreshPlugins (74ms)
				BeforeProcessingInitializeOnLoad (2ms)
				ProcessInitializeOnLoadAttributes (171ms)
				ProcessInitializeOnLoadMethodAttributes (70ms)
				AfterProcessingInitializeOnLoad (0ms)
				EditorAssembliesLoaded (0ms)
			ExecutionOrderSort2 (0ms)
			AwakeInstancesAfterBackupRestoration (0ms)
Platform modules already initialized, skipping
Registering precompiled user dll's ...
Registered in 0.010679 seconds.
Begin MonoManager ReloadAssembly
Native extension for WindowsStandalone target not found
Refreshing native plugins compatible for Editor in 0.45 ms, found 3 plugins.
Preloading 0 native plugins for Editor in 0.00 ms.
Package Manager log level set to [2]
[Package Manager] Server::EnsureServerProcessIsRunning -- launch failed, reason: Unity was launched with the -noUpm command-line argument
[Package Manager] Cannot connect to Unity Package Manager local server
Mono: successfully reloaded assembly
- Completed reload, in  1.988 seconds
Domain Reload Profiling:
	ReloadAssembly (1990ms)
		BeginReloadAssembly (215ms)
			ExecutionOrderSort (0ms)
			DisableScriptedObjects (11ms)
			BackupInstance (0ms)
			ReleaseScriptingObjects (0ms)
			CreateAndSetChildDomain (35ms)
		EndReloadAssembly (1606ms)
			LoadAssemblies (159ms)
			RebuildTransferFunctionScriptingTraits (0ms)
			SetupTypeCache (339ms)
			ReleaseScriptCaches (0ms)
			RebuildScriptCaches (59ms)
			SetupLoadedEditorAssemblies (1051ms)
				LogAssemblyErrors (0ms)
				InitializePlatformSupportModulesInManaged (6ms)
				SetLoadedEditorAssemblies (0ms)
				RefreshPlugins (1ms)
				BeforeProcessingInitializeOnLoad (80ms)
				ProcessInitializeOnLoadAttributes (919ms)
				ProcessInitializeOnLoadMethodAttributes (36ms)
				AfterProcessingInitializeOnLoad (9ms)
				EditorAssembliesLoaded (0ms)
			ExecutionOrderSort2 (0ms)
			AwakeInstancesAfterBackupRestoration (13ms)
Platform modules already initialized, skipping
========================================================================
Worker process is ready to serve import requests
Launched and connected shader compiler UnityShaderCompiler.exe after 0.07 seconds
Refreshing native plugins compatible for Editor in 0.47 ms, found 3 plugins.
Preloading 0 native plugins for Editor in 0.00 ms.
Unloading 3075 Unused Serialized files (Serialized files now loaded: 0)
Unloading 23 unused Assets / (46.4 KB). Loaded Objects now: 3535.
Memory consumption went from 113.1 MB to 113.0 MB.
Total: 3.779800 ms (FindLiveObjects: 0.294200 ms CreateObjectMapping: 0.111000 ms MarkObjects: 3.302300 ms  DeleteObjects: 0.070400 ms)

AssetImportParameters requested are different than current active one (requested -> active):
  custom:video-decoder-ogg-theora: a1e56fd34408186e4bbccfd4996cb3dc -> 
  custom:container-muxer-webm: aa71ff27fc2769a1b78a27578f13a17b -> 
  custom:container-demuxer-webm: 4f35f7cbe854078d1ac9338744f61a02 -> 
  custom:video-encoder-webm-vp8: eb34c28f22e8b96e1ab97ce403110664 -> 
  custom:video-codec-MediaFoundation-h265: 746d11721c4dcdbdad8f713fa42b33f4 -> 
  custom:CustomObjectIndexerAttribute: bc11b3a6c3213fcdd17b65e7da85e133 -> 
  custom:audio-encoder-webm-vorbis: bf7c407c2cedff20999df2af8eb42d56 -> 
  custom:framework-win-MediaFoundation: 216162199b28c13a410421893ffa2e32 -> 
  custom:SearchIndexIgnoredProperties: e643bd26f0fe6173181afceb89e7c659 -> 
  custom:container-demuxer-ogg: 62fdf1f143b41e24485cea50d1cbac27 -> 
  custom:video-decoder-webm-vp8: 9c59270c3fd7afecdb556c50c9e8de78 -> 
  custom:audio-decoder-ogg-vorbis: bf7c407c2cedff20999df2af8eb42d56 -> 
========================================================================
Received Import Request.
  Time since last request: 15204.685405 seconds.
  path: Assets/Cainos/Pixel Art Top Down - Basic/Prefab/Props
  artifactKey: Guid(549c9282ce98c674f9c8e0145c20eb7e) Importer(815301076,1909f56bfc062723c751e8b465ee728b)
Number of updated assets reloaded before import = 0
Start importing Assets/Cainos/Pixel Art Top Down - Basic/Prefab/Props using Guid(549c9282ce98c674f9c8e0145c20eb7e) Importer(815301076,1909f56bfc062723c751e8b465ee728b)  -> (artifact id: '3f49aad6fcfd4d33a9ee2d8bbc75c266') in 0.016032 seconds 
Number of asset objects unloaded after import = 0
========================================================================
Received Import Request.
  Time since last request: 0.065794 seconds.
  path: Assets/Cainos/Pixel Art Top Down - Basic/Prefab/Props/PF Gate T1.prefab
  artifactKey: Guid(4be821d0b78ad5043985b57b738e951b) Importer(815301076,1909f56bfc062723c751e8b465ee728b)
Number of updated assets reloaded before import = 0
Start importing Assets/Cainos/Pixel Art Top Down - Basic/Prefab/Props/PF Gate T1.prefab using Guid(4be821d0b78ad5043985b57b738e951b) Importer(815301076,1909f56bfc062723c751e8b465ee728b)  -> (artifact id: '47ae0baa29bcc8af40fa122ee27b36ce') in 0.223317 seconds 
Number of asset objects unloaded after import = 28
========================================================================
Received Import Request.
  Time since last request: 0.000109 seconds.
  path: Assets/Cainos/Pixel Art Top Down - Basic/Prefab/Props/PF Props Rune Pillar X3.prefab
  artifactKey: Guid(4fad9c4de6b725a43bb1200ed9479c08) Importer(815301076,1909f56bfc062723c751e8b465ee728b)
Number of updated assets reloaded before import = 0
Start importing Assets/Cainos/Pixel Art Top Down - Basic/Prefab/Props/PF Props Rune Pillar X3.prefab using Guid(4fad9c4de6b725a43bb1200ed9479c08) Importer(815301076,1909f56bfc062723c751e8b465ee728b)  -> (artifact id: '97802bfee85c891fb063d0159edf9ed6') in 0.041462 seconds 
Number of asset objects unloaded after import = 20
========================================================================
Received Import Request.
  Time since last request: 0.000040 seconds.
  path: Assets/Cainos/Pixel Art Top Down - Basic/Prefab/Props/PF Props Road Sign E.prefab
  artifactKey: Guid(b823debd04fd63f4d8e579210fe0ff20) Importer(815301076,1909f56bfc062723c751e8b465ee728b)
Number of updated assets reloaded before import = 0
Start importing Assets/Cainos/Pixel Art Top Down - Basic/Prefab/Props/PF Props Road Sign E.prefab using Guid(b823debd04fd63f4d8e579210fe0ff20) Importer(815301076,1909f56bfc062723c751e8b465ee728b)  -> (artifact id: 'a9ffc551077e93160fe13ea17cdca626') in 0.029513 seconds 
Number of asset objects unloaded after import = 15
========================================================================
Received Import Request.
  Time since last request: 0.000031 seconds.
  path: Assets/Cainos/Pixel Art Top Down - Basic/Prefab/Props/PF Props Gravestone B.prefab
  artifactKey: Guid(6242b925f1d3e0d44a183102cd3d4c26) Importer(815301076,1909f56bfc062723c751e8b465ee728b)
Number of updated assets reloaded before import = 0
Start importing Assets/Cainos/Pixel Art Top Down - Basic/Prefab/Props/PF Props Gravestone B.prefab using Guid(6242b925f1d3e0d44a183102cd3d4c26) Importer(815301076,1909f56bfc062723c751e8b465ee728b)  -> (artifact id: '20a792d22de654363bb890d8e126719d') in 0.027445 seconds 
Number of asset objects unloaded after import = 15
========================================================================
Received Import Request.
  Time since last request: 0.000121 seconds.
  path: Assets/Cainos/Pixel Art Top Down - Basic/Prefab/Props/PF Props Gravestone A.prefab
  artifactKey: Guid(6d9a1504606c57143b1a8bbc2249aabe) Importer(815301076,1909f56bfc062723c751e8b465ee728b)
Number of updated assets reloaded before import = 0
Start importing Assets/Cainos/Pixel Art Top Down - Basic/Prefab/Props/PF Props Gravestone A.prefab using Guid(6d9a1504606c57143b1a8bbc2249aabe) Importer(815301076,1909f56bfc062723c751e8b465ee728b)  -> (artifact id: 'd9702f76b10873ecccc6342b7b4741aa') in 0.021970 seconds 
Number of asset objects unloaded after import = 15
========================================================================
Received Import Request.
  Time since last request: 1.631117 seconds.
  path: Assets/Cainos/Pixel Art Top Down - Basic/Prefab/Player
  artifactKey: Guid(cfa9631201d3f8048a776a0c31d57a58) Importer(815301076,1909f56bfc062723c751e8b465ee728b)
Number of updated assets reloaded before import = 0
Start importing Assets/Cainos/Pixel Art Top Down - Basic/Prefab/Player using Guid(cfa9631201d3f8048a776a0c31d57a58) Importer(815301076,1909f56bfc062723c751e8b465ee728b)  -> (artifact id: '128da567df7968271cf96730a36e2b62') in 0.005711 seconds 
Number of asset objects unloaded after import = 0
========================================================================
Received Import Request.
  Time since last request: 0.092241 seconds.
  path: Assets/Cainos/Pixel Art Top Down - Basic/Prefab/Player/PF Player.prefab
  artifactKey: Guid(ef67ba864d1ecc042b5f4cf48455c0a6) Importer(815301076,1909f56bfc062723c751e8b465ee728b)
Number of updated assets reloaded before import = 0
Start importing Assets/Cainos/Pixel Art Top Down - Basic/Prefab/Player/PF Player.prefab using Guid(ef67ba864d1ecc042b5f4cf48455c0a6) Importer(815301076,1909f56bfc062723c751e8b465ee728b)  -> (artifact id: '542c7917825198f5054b0bf5c2d617fa') in 0.016578 seconds 
Number of asset objects unloaded after import = 41
========================================================================
Received Import Request.
  Time since last request: 2.272895 seconds.
  path: Assets/Cainos/Pixel Art Top Down - Basic/Prefab/Props/PF Props Stone Lantern.prefab
  artifactKey: Guid(84395be60ff2def43bb58fa039614eab) Importer(815301076,1909f56bfc062723c751e8b465ee728b)
Number of updated assets reloaded before import = 0
Start importing Assets/Cainos/Pixel Art Top Down - Basic/Prefab/Props/PF Props Stone Lantern.prefab using Guid(84395be60ff2def43bb58fa039614eab) Importer(815301076,1909f56bfc062723c751e8b465ee728b)  -> (artifact id: '2b83159a5c5d4081365549f9fb4b2150') in 0.044288 seconds 
Number of asset objects unloaded after import = 15
========================================================================
Received Import Request.
  Time since last request: 0.000075 seconds.
  path: Assets/Cainos/Pixel Art Top Down - Basic/Prefab/Props/PF Props Wooden Gate Opened.prefab
  artifactKey: Guid(8e9c401d7a70ec94d956296ea011f594) Importer(815301076,1909f56bfc062723c751e8b465ee728b)
Number of updated assets reloaded before import = 0
Start importing Assets/Cainos/Pixel Art Top Down - Basic/Prefab/Props/PF Props Wooden Gate Opened.prefab using Guid(8e9c401d7a70ec94d956296ea011f594) Importer(815301076,1909f56bfc062723c751e8b465ee728b)  -> (artifact id: '9567bf50119fa91820302e2955a4c617') in 0.032362 seconds 
Number of asset objects unloaded after import = 15
========================================================================
Received Import Request.
  Time since last request: 17.026977 seconds.
  path: Assets/Cainos/Pixel Art Top Down - Basic/Animation
  artifactKey: Guid(c89e3d2b43fc205448e78ae1dcd61d9f) Importer(815301076,1909f56bfc062723c751e8b465ee728b)
Number of updated assets reloaded before import = 0
Start importing Assets/Cainos/Pixel Art Top Down - Basic/Animation using Guid(c89e3d2b43fc205448e78ae1dcd61d9f) Importer(815301076,1909f56bfc062723c751e8b465ee728b)  -> (artifact id: '575e86b1cf07cb32a4d51b5dd081156b') in 0.016182 seconds 
Number of asset objects unloaded after import = 0
========================================================================
Received Import Request.
  Time since last request: 2.236391 seconds.
  path: Assets/Cainos/Pixel Art Top Down - Basic/Material
  artifactKey: Guid(0379c5940f27a7049b6c9e8a3c23041e) Importer(815301076,1909f56bfc062723c751e8b465ee728b)
Number of updated assets reloaded before import = 0
Start importing Assets/Cainos/Pixel Art Top Down - Basic/Material using Guid(0379c5940f27a7049b6c9e8a3c23041e) Importer(815301076,1909f56bfc062723c751e8b465ee728b)  -> (artifact id: '5a57684e4e947940660709bf399d3bee') in 0.006258 seconds 
Number of asset objects unloaded after import = 0
========================================================================
Received Import Request.
  Time since last request: 0.239742 seconds.
  path: Assets/Cainos/Pixel Art Top Down - Basic/Material/MT Rune Glow.mat
  artifactKey: Guid(61b89fe75af132249ba5700ee0334a72) Importer(815301076,1909f56bfc062723c751e8b465ee728b)
Number of updated assets reloaded before import = 0
Start importing Assets/Cainos/Pixel Art Top Down - Basic/Material/MT Rune Glow.mat using Guid(61b89fe75af132249ba5700ee0334a72) Importer(815301076,1909f56bfc062723c751e8b465ee728b)  -> (artifact id: '52660bcd040e10e87fcc0914cb3ce7fa') in 0.042743 seconds 
Number of asset objects unloaded after import = 2
========================================================================
Received Import Request.
  Time since last request: 1.794406 seconds.
  path: Assets/Cainos/Pixel Art Top Down - Basic/Prefab
  artifactKey: Guid(4451b78203ce1474caa69f68067a0221) Importer(815301076,1909f56bfc062723c751e8b465ee728b)
Number of updated assets reloaded before import = 0
Start importing Assets/Cainos/Pixel Art Top Down - Basic/Prefab using Guid(4451b78203ce1474caa69f68067a0221) Importer(815301076,1909f56bfc062723c751e8b465ee728b)  -> (artifact id: '6d1ba2262d6a71429e5cb6b541f7b657') in 0.013605 seconds 
Number of asset objects unloaded after import = 0
========================================================================
Received Import Request.
  Time since last request: 0.913927 seconds.
  path: Assets/Cainos/Pixel Art Top Down - Basic/Prefab/Plant
  artifactKey: Guid(5cd0c8b0168504d4b957e5e760366963) Importer(815301076,1909f56bfc062723c751e8b465ee728b)
Number of updated assets reloaded before import = 0
Start importing Assets/Cainos/Pixel Art Top Down - Basic/Prefab/Plant using Guid(5cd0c8b0168504d4b957e5e760366963) Importer(815301076,1909f56bfc062723c751e8b465ee728b)  -> (artifact id: '17f4f865db699df5ee1e4f9747b251cd') in 0.013357 seconds 
Number of asset objects unloaded after import = 0
========================================================================
Received Import Request.
  Time since last request: 4.153777 seconds.
  path: Assets/Cainos/Pixel Art Top Down - Basic/Preset
  artifactKey: Guid(1ae64c39a7d132243b33597ad1be4370) Importer(815301076,1909f56bfc062723c751e8b465ee728b)
Number of updated assets reloaded before import = 0
Start importing Assets/Cainos/Pixel Art Top Down - Basic/Preset using Guid(1ae64c39a7d132243b33597ad1be4370) Importer(815301076,1909f56bfc062723c751e8b465ee728b)  -> (artifact id: '3dcb4b3dc7a1fcc65badd72340da4c82') in 0.013779 seconds 
Number of asset objects unloaded after import = 0
========================================================================
Received Import Request.
  Time since last request: 0.043687 seconds.
  path: Assets/Cainos/Pixel Art Top Down - Basic/Preset/Tags & Layers - Pixel Art Top Down - Basic.preset
  artifactKey: Guid(9c251c5594f708844890276e5d8b709a) Importer(815301076,1909f56bfc062723c751e8b465ee728b)
Number of updated assets reloaded before import = 0
Start importing Assets/Cainos/Pixel Art Top Down - Basic/Preset/Tags & Layers - Pixel Art Top Down - Basic.preset using Guid(9c251c5594f708844890276e5d8b709a) Importer(815301076,1909f56bfc062723c751e8b465ee728b)  -> (artifact id: 'd86c78242439e06dccad9b3b5b5bf409') in 0.006548 seconds 
Number of asset objects unloaded after import = 1
========================================================================
Received Import Request.
  Time since last request: 1.442281 seconds.
  path: Assets/Cainos/Pixel Art Top Down - Basic/Scene
  artifactKey: Guid(5f41ae091d9f7be4798cc5dbc7f22d83) Importer(815301076,1909f56bfc062723c751e8b465ee728b)
Number of updated assets reloaded before import = 0
Start importing Assets/Cainos/Pixel Art Top Down - Basic/Scene using Guid(5f41ae091d9f7be4798cc5dbc7f22d83) Importer(815301076,1909f56bfc062723c751e8b465ee728b)  -> (artifact id: '5652a414a51c21e619b05b69a7394b7c') in 0.016159 seconds 
Number of asset objects unloaded after import = 0
========================================================================
Received Import Request.
  Time since last request: 1.755187 seconds.
  path: Assets/Cainos/Pixel Art Top Down - Basic/Script
  artifactKey: Guid(f6e0a8c45af61e8428adb6e8a025689c) Importer(815301076,1909f56bfc062723c751e8b465ee728b)
Number of updated assets reloaded before import = 0
Start importing Assets/Cainos/Pixel Art Top Down - Basic/Script using Guid(f6e0a8c45af61e8428adb6e8a025689c) Importer(815301076,1909f56bfc062723c751e8b465ee728b)  -> (artifact id: 'fa67e043f8bd7f38b6c70394d5b8c18c') in 0.015887 seconds 
Number of asset objects unloaded after import = 0
========================================================================
Received Import Request.
  Time since last request: 1.883374 seconds.
  path: Assets/Cainos/Pixel Art Top Down - Basic/Shader
  artifactKey: Guid(efefaa6b93ad9714ab3f21374559d1e3) Importer(815301076,1909f56bfc062723c751e8b465ee728b)
Number of updated assets reloaded before import = 0
Start importing Assets/Cainos/Pixel Art Top Down - Basic/Shader using Guid(efefaa6b93ad9714ab3f21374559d1e3) Importer(815301076,1909f56bfc062723c751e8b465ee728b)  -> (artifact id: '2dbb8c8b54fec81454cb292f586ff07d') in 0.006235 seconds 
Number of asset objects unloaded after import = 0
========================================================================
Received Import Request.
  Time since last request: 1.574129 seconds.
  path: Assets/Cainos/Pixel Art Top Down - Basic/Texture
  artifactKey: Guid(4628b48f29e242a459885334c8f8bf10) Importer(815301076,1909f56bfc062723c751e8b465ee728b)
Number of updated assets reloaded before import = 0
Start importing Assets/Cainos/Pixel Art Top Down - Basic/Texture using Guid(4628b48f29e242a459885334c8f8bf10) Importer(815301076,1909f56bfc062723c751e8b465ee728b)  -> (artifact id: '0d150034643ce2de07b9b8fe40acd5dc') in 0.014056 seconds 
Number of asset objects unloaded after import = 0
========================================================================
Received Import Request.
  Time since last request: 3.065680 seconds.
  path: Assets/Cainos/Pixel Art Top Down - Basic/Texture/TX Plant.png
  artifactKey: Guid(c3a40e1c46727b94e959990527f8e7fa) Importer(815301076,1909f56bfc062723c751e8b465ee728b)
Number of updated assets reloaded before import = 0
Start importing Assets/Cainos/Pixel Art Top Down - Basic/Texture/TX Plant.png using Guid(c3a40e1c46727b94e959990527f8e7fa) Importer(815301076,1909f56bfc062723c751e8b465ee728b)  -> (artifact id: '1fe7ac6a09a60c95d09a9bb388bb9d38') in 0.222018 seconds 
Number of asset objects unloaded after import = 30
========================================================================
Received Import Request.
  Time since last request: 0.000026 seconds.
  path: Assets/Cainos/Pixel Art Top Down - Basic/Texture/TX Tileset Stone Ground.png
  artifactKey: Guid(a07735877a3bd644094331b137b71878) Importer(815301076,1909f56bfc062723c751e8b465ee728b)
Number of updated assets reloaded before import = 0
Start importing Assets/Cainos/Pixel Art Top Down - Basic/Texture/TX Tileset Stone Ground.png using Guid(a07735877a3bd644094331b137b71878) Importer(815301076,1909f56bfc062723c751e8b465ee728b)  -> (artifact id: '8586328fbea43d7d9291d7e71138d36c') in 0.139460 seconds 
Number of asset objects unloaded after import = 52
========================================================================
Received Import Request.
  Time since last request: 7.929583 seconds.
  path: Assets/Cainos/Pixel Art Top Down - Basic/Tile Palette
  artifactKey: Guid(9aaddfc1c24876049941c1d30e4a9e23) Importer(815301076,1909f56bfc062723c751e8b465ee728b)
Number of updated assets reloaded before import = 0
Start importing Assets/Cainos/Pixel Art Top Down - Basic/Tile Palette using Guid(9aaddfc1c24876049941c1d30e4a9e23) Importer(815301076,1909f56bfc062723c751e8b465ee728b)  -> (artifact id: '61a6e8ec666b76fedeed6a52c381bef4') in 0.016777 seconds 
Number of asset objects unloaded after import = 0
========================================================================
Received Import Request.
  Time since last request: 0.155800 seconds.
  path: Assets/Cainos/Pixel Art Top Down - Basic/Tile Palette/TP Grass.prefab
  artifactKey: Guid(02a081c3d25f8e54396b0c278f77e6f6) Importer(815301076,1909f56bfc062723c751e8b465ee728b)
Number of updated assets reloaded before import = 0
Start importing Assets/Cainos/Pixel Art Top Down - Basic/Tile Palette/TP Grass.prefab using Guid(02a081c3d25f8e54396b0c278f77e6f6) Importer(815301076,1909f56bfc062723c751e8b465ee728b)  -> (artifact id: '3cf77510b98d51bec01d11f0e6884614') in 0.051618 seconds 
Number of asset objects unloaded after import = 139
========================================================================
Received Import Request.
  Time since last request: 1.363558 seconds.
  path: Assets/Cainos/Pixel Art Top Down - Basic/Tile Palette/TP Wall
  artifactKey: Guid(3835c99b2cffa6c46810cac8fe0022b6) Importer(815301076,1909f56bfc062723c751e8b465ee728b)
Number of updated assets reloaded before import = 0
Start importing Assets/Cainos/Pixel Art Top Down - Basic/Tile Palette/TP Wall using Guid(3835c99b2cffa6c46810cac8fe0022b6) Importer(815301076,1909f56bfc062723c751e8b465ee728b)  -> (artifact id: '3185c7f99aa7c4c1c3028ac23d498bf1') in 0.002956 seconds 
Number of asset objects unloaded after import = 0
========================================================================
Received Import Request.
  Time since last request: 0.090639 seconds.
  path: Assets/Cainos/Pixel Art Top Down - Basic/Tile Palette/TP Wall/TX Shadow Tileset Wall 1.asset
  artifactKey: Guid(89be3abc25335b342b0424693ef088a8) Importer(815301076,1909f56bfc062723c751e8b465ee728b)
Number of updated assets reloaded before import = 0
Start importing Assets/Cainos/Pixel Art Top Down - Basic/Tile Palette/TP Wall/TX Shadow Tileset Wall 1.asset using Guid(89be3abc25335b342b0424693ef088a8) Importer(815301076,1909f56bfc062723c751e8b465ee728b)  -> (artifact id: 'a48e70669931127073999ff87c924f37') in 0.018985 seconds 
Number of asset objects unloaded after import = 3
========================================================================
Received Import Request.
  Time since last request: 0.000155 seconds.
  path: Assets/Cainos/Pixel Art Top Down - Basic/Tile Palette/TP Wall/TX Tileset Wall_1.asset
  artifactKey: Guid(8db82f4787b62ca4091d3ae9b71b58ef) Importer(815301076,1909f56bfc062723c751e8b465ee728b)
Number of updated assets reloaded before import = 0
Start importing Assets/Cainos/Pixel Art Top Down - Basic/Tile Palette/TP Wall/TX Tileset Wall_1.asset using Guid(8db82f4787b62ca4091d3ae9b71b58ef) Importer(815301076,1909f56bfc062723c751e8b465ee728b)  -> (artifact id: 'a2fbe935c189d297e0cca622b4d540f3') in 0.020430 seconds 
Number of asset objects unloaded after import = 3
========================================================================
Received Import Request.
  Time since last request: 0.000032 seconds.
  path: Assets/Cainos/Pixel Art Top Down - Basic/Tile Palette/TP Wall/TX Tileset Wall_6.asset
  artifactKey: Guid(9cfe2171135f120429c700c27662a5d0) Importer(815301076,1909f56bfc062723c751e8b465ee728b)
Number of updated assets reloaded before import = 0
Start importing Assets/Cainos/Pixel Art Top Down - Basic/Tile Palette/TP Wall/TX Tileset Wall_6.asset using Guid(9cfe2171135f120429c700c27662a5d0) Importer(815301076,1909f56bfc062723c751e8b465ee728b)  -> (artifact id: 'be72752890cd126e2567110cbd9022b1') in 0.017100 seconds 
Number of asset objects unloaded after import = 3
========================================================================
Received Import Request.
  Time since last request: 0.000076 seconds.
  path: Assets/Cainos/Pixel Art Top Down - Basic/Tile Palette/TP Wall/TX Tileset Wall_8.asset
  artifactKey: Guid(ffa3466f9c9d64241a5dfed873df45ce) Importer(815301076,1909f56bfc062723c751e8b465ee728b)
Number of updated assets reloaded before import = 0
Start importing Assets/Cainos/Pixel Art Top Down - Basic/Tile Palette/TP Wall/TX Tileset Wall_8.asset using Guid(ffa3466f9c9d64241a5dfed873df45ce) Importer(815301076,1909f56bfc062723c751e8b465ee728b)  -> (artifact id: 'fbb189fee211d51055b109110bfb5e56') in 0.015620 seconds 
Number of asset objects unloaded after import = 3
========================================================================
Received Import Request.
  Time since last request: 0.000023 seconds.
  path: Assets/Cainos/Pixel Art Top Down - Basic/Tile Palette/TP Wall/TX Tileset Wall_22.asset
  artifactKey: Guid(2af854022baea474ba380cc6be59d552) Importer(815301076,1909f56bfc062723c751e8b465ee728b)
Number of updated assets reloaded before import = 0
Start importing Assets/Cainos/Pixel Art Top Down - Basic/Tile Palette/TP Wall/TX Tileset Wall_22.asset using Guid(2af854022baea474ba380cc6be59d552) Importer(815301076,1909f56bfc062723c751e8b465ee728b)  -> (artifact id: '828e307a36007a3184b6a27994109a0f') in 0.020443 seconds 
Number of asset objects unloaded after import = 3
========================================================================
Received Import Request.
  Time since last request: 0.000024 seconds.
  path: Assets/Cainos/Pixel Art Top Down - Basic/Tile Palette/TP Wall/TX Tileset Wall_11.asset
  artifactKey: Guid(36e182cf0ef2dec409ddaf4c55dad76e) Importer(815301076,1909f56bfc062723c751e8b465ee728b)
Number of updated assets reloaded before import = 0
Start importing Assets/Cainos/Pixel Art Top Down - Basic/Tile Palette/TP Wall/TX Tileset Wall_11.asset using Guid(36e182cf0ef2dec409ddaf4c55dad76e) Importer(815301076,1909f56bfc062723c751e8b465ee728b)  -> (artifact id: '2bec7587230e4c6ae490bfae23cf82ba') in 0.027371 seconds 
Number of asset objects unloaded after import = 3
========================================================================
Received Import Request.
  Time since last request: 0.000074 seconds.
  path: Assets/Cainos/Pixel Art Top Down - Basic/Tile Palette/TP Wall/TX Tileset Wall_30.asset
  artifactKey: Guid(5c0720cf3f2e0fd40ab1e12cd776ccdc) Importer(815301076,1909f56bfc062723c751e8b465ee728b)
Number of updated assets reloaded before import = 0
Start importing Assets/Cainos/Pixel Art Top Down - Basic/Tile Palette/TP Wall/TX Tileset Wall_30.asset using Guid(5c0720cf3f2e0fd40ab1e12cd776ccdc) Importer(815301076,1909f56bfc062723c751e8b465ee728b)  -> (artifact id: '39f75776caf8380574b85f2b53168b0a') in 0.015947 seconds 
Number of asset objects unloaded after import = 3
========================================================================
Received Import Request.
  Time since last request: 0.000044 seconds.
  path: Assets/Cainos/Pixel Art Top Down - Basic/Tile Palette/TP Wall/TX Tileset Wall_16.asset
  artifactKey: Guid(503914639ae436b4e82c313961715c35) Importer(815301076,1909f56bfc062723c751e8b465ee728b)
Number of updated assets reloaded before import = 0
Start importing Assets/Cainos/Pixel Art Top Down - Basic/Tile Palette/TP Wall/TX Tileset Wall_16.asset using Guid(503914639ae436b4e82c313961715c35) Importer(815301076,1909f56bfc062723c751e8b465ee728b)  -> (artifact id: '41d04b714565d336fe67f94941c4f899') in 0.023314 seconds 
Number of asset objects unloaded after import = 3
========================================================================
Received Import Request.
  Time since last request: 2.721721 seconds.
  path: Assets/Cainos/Pixel Art Top Down - Basic/Tile Palette/TP Stone Ground
  artifactKey: Guid(ffd15dd2870b6914db127248a0a0b725) Importer(815301076,1909f56bfc062723c751e8b465ee728b)
Number of updated assets reloaded before import = 0
Start importing Assets/Cainos/Pixel Art Top Down - Basic/Tile Palette/TP Stone Ground using Guid(ffd15dd2870b6914db127248a0a0b725) Importer(815301076,1909f56bfc062723c751e8b465ee728b)  -> (artifact id: 'baa9e6e68e1cfd39165d8f275ceae85a') in 0.003236 seconds 
Number of asset objects unloaded after import = 0
========================================================================
Received Import Request.
  Time since last request: 0.236346 seconds.
  path: Assets/Cainos/Pixel Art Top Down - Basic/Tile Palette/TP Stone Ground/TX Tileset Stone Ground_0.asset
  artifactKey: Guid(2e00748cc4924de42a59e142923a3df8) Importer(815301076,1909f56bfc062723c751e8b465ee728b)
Number of updated assets reloaded before import = 0
Start importing Assets/Cainos/Pixel Art Top Down - Basic/Tile Palette/TP Stone Ground/TX Tileset Stone Ground_0.asset using Guid(2e00748cc4924de42a59e142923a3df8) Importer(815301076,1909f56bfc062723c751e8b465ee728b)  -> (artifact id: '096a69e9479b7aa1e04bd185c0e64ea6') in 0.013641 seconds 
Number of asset objects unloaded after import = 3
========================================================================
Received Import Request.
  Time since last request: 0.000079 seconds.
  path: Assets/Cainos/Pixel Art Top Down - Basic/Tile Palette/TP Stone Ground/TX Tileset Stone Ground_5.asset
  artifactKey: Guid(53fda45759d8fbc4db96e92c16c04b42) Importer(815301076,1909f56bfc062723c751e8b465ee728b)
Number of updated assets reloaded before import = 0
Start importing Assets/Cainos/Pixel Art Top Down - Basic/Tile Palette/TP Stone Ground/TX Tileset Stone Ground_5.asset using Guid(53fda45759d8fbc4db96e92c16c04b42) Importer(815301076,1909f56bfc062723c751e8b465ee728b)  -> (artifact id: 'b3c3d559e8b5cc8405ea8a721a6c8939') in 0.019650 seconds 
Number of asset objects unloaded after import = 3
========================================================================
Received Import Request.
  Time since last request: 0.000020 seconds.
  path: Assets/Cainos/Pixel Art Top Down - Basic/Tile Palette/TP Stone Ground/TX Tileset Stone Ground_16.asset
  artifactKey: Guid(9adc64847915fb44dbb13ed54821f7f3) Importer(815301076,1909f56bfc062723c751e8b465ee728b)
Number of updated assets reloaded before import = 0
Start importing Assets/Cainos/Pixel Art Top Down - Basic/Tile Palette/TP Stone Ground/TX Tileset Stone Ground_16.asset using Guid(9adc64847915fb44dbb13ed54821f7f3) Importer(815301076,1909f56bfc062723c751e8b465ee728b)  -> (artifact id: '28828b9092fcf6529ee510e7576cd483') in 0.020710 seconds 
Number of asset objects unloaded after import = 3
========================================================================
Received Import Request.
  Time since last request: 0.000019 seconds.
  path: Assets/Cainos/Pixel Art Top Down - Basic/Tile Palette/TP Stone Ground/TX Tileset Stone Ground_35.asset
  artifactKey: Guid(009f3593fa7376e41a0729c7f4181615) Importer(815301076,1909f56bfc062723c751e8b465ee728b)
Number of updated assets reloaded before import = 0
Start importing Assets/Cainos/Pixel Art Top Down - Basic/Tile Palette/TP Stone Ground/TX Tileset Stone Ground_35.asset using Guid(009f3593fa7376e41a0729c7f4181615) Importer(815301076,1909f56bfc062723c751e8b465ee728b)  -> (artifact id: 'db4e972d640ff1d306ed669923a2b161') in 0.012197 seconds 
Number of asset objects unloaded after import = 3
========================================================================
Received Import Request.
  Time since last request: 0.000024 seconds.
  path: Assets/Cainos/Pixel Art Top Down - Basic/Tile Palette/TP Stone Ground/TX Tileset Stone Ground_12.asset
  artifactKey: Guid(4be8d94c70a357b44b17240ab0021c6f) Importer(815301076,1909f56bfc062723c751e8b465ee728b)
Number of updated assets reloaded before import = 0
Start importing Assets/Cainos/Pixel Art Top Down - Basic/Tile Palette/TP Stone Ground/TX Tileset Stone Ground_12.asset using Guid(4be8d94c70a357b44b17240ab0021c6f) Importer(815301076,1909f56bfc062723c751e8b465ee728b)  -> (artifact id: 'eeb05e38f0168a1e1bd581458a0b9b3c') in 0.022378 seconds 
Number of asset objects unloaded after import = 3
========================================================================
Received Import Request.
  Time since last request: 0.000027 seconds.
  path: Assets/Cainos/Pixel Art Top Down - Basic/Tile Palette/TP Stone Ground/TX Tileset Stone Ground_24.asset
  artifactKey: Guid(8aa304b3e853f0248a0a03c60f4de4be) Importer(815301076,1909f56bfc062723c751e8b465ee728b)
Number of updated assets reloaded before import = 0
Start importing Assets/Cainos/Pixel Art Top Down - Basic/Tile Palette/TP Stone Ground/TX Tileset Stone Ground_24.asset using Guid(8aa304b3e853f0248a0a03c60f4de4be) Importer(815301076,1909f56bfc062723c751e8b465ee728b)  -> (artifact id: 'ed5eca3da70d155f053b65784d53fabb') in 0.019528 seconds 
Number of asset objects unloaded after import = 3
========================================================================
Received Import Request.
  Time since last request: 0.000156 seconds.
  path: Assets/Cainos/Pixel Art Top Down - Basic/Tile Palette/TP Stone Ground/TX Tileset Stone Ground_15.asset
  artifactKey: Guid(782fb9e50c00f2043abd8b2c3245d83d) Importer(815301076,1909f56bfc062723c751e8b465ee728b)
Number of updated assets reloaded before import = 0
Start importing Assets/Cainos/Pixel Art Top Down - Basic/Tile Palette/TP Stone Ground/TX Tileset Stone Ground_15.asset using Guid(782fb9e50c00f2043abd8b2c3245d83d) Importer(815301076,1909f56bfc062723c751e8b465ee728b)  -> (artifact id: 'ea6841cd4fee248a365d86eaf964420b') in 0.013489 seconds 
Number of asset objects unloaded after import = 3
========================================================================
Received Import Request.
  Time since last request: 0.000034 seconds.
  path: Assets/Cainos/Pixel Art Top Down - Basic/Tile Palette/TP Stone Ground/TX Tileset Stone Ground_29.asset
  artifactKey: Guid(e706b680d839ef84e932174b016e9598) Importer(815301076,1909f56bfc062723c751e8b465ee728b)
Number of updated assets reloaded before import = 0
Start importing Assets/Cainos/Pixel Art Top Down - Basic/Tile Palette/TP Stone Ground/TX Tileset Stone Ground_29.asset using Guid(e706b680d839ef84e932174b016e9598) Importer(815301076,1909f56bfc062723c751e8b465ee728b)  -> (artifact id: '828808219b92fe068e0ca008e971d4f6') in 0.019403 seconds 
Number of asset objects unloaded after import = 3
========================================================================
Received Import Request.
  Time since last request: 1.096270 seconds.
  path: Assets/Cainos/Pixel Art Top Down - Basic/Tile Palette/TP Stone Ground/TX Tileset Stone Ground_37.asset
  artifactKey: Guid(51fb58566819d2b40acbadd50bc4bfe9) Importer(815301076,1909f56bfc062723c751e8b465ee728b)
Number of updated assets reloaded before import = 0
Start importing Assets/Cainos/Pixel Art Top Down - Basic/Tile Palette/TP Stone Ground/TX Tileset Stone Ground_37.asset using Guid(51fb58566819d2b40acbadd50bc4bfe9) Importer(815301076,1909f56bfc062723c751e8b465ee728b)  -> (artifact id: 'df1a38723e66ec916b3bb236d905c0cb') in 0.012633 seconds 
Number of asset objects unloaded after import = 3
========================================================================
Received Import Request.
  Time since last request: 0.000019 seconds.
  path: Assets/Cainos/Pixel Art Top Down - Basic/Tile Palette/TP Stone Ground/TX Tileset Stone Ground_45.asset
  artifactKey: Guid(a959b762bdf49ed4ebbf171ad48d89df) Importer(815301076,1909f56bfc062723c751e8b465ee728b)
Number of updated assets reloaded before import = 0
Start importing Assets/Cainos/Pixel Art Top Down - Basic/Tile Palette/TP Stone Ground/TX Tileset Stone Ground_45.asset using Guid(a959b762bdf49ed4ebbf171ad48d89df) Importer(815301076,1909f56bfc062723c751e8b465ee728b)  -> (artifact id: '2c97cb01c6c6c666eeacbc8d8013d2cf') in 0.017575 seconds 
Number of asset objects unloaded after import = 3
========================================================================
Received Import Request.
  Time since last request: 0.000046 seconds.
  path: Assets/Cainos/Pixel Art Top Down - Basic/Tile Palette/TP Stone Ground/TX Tileset Stone Ground_44.asset
  artifactKey: Guid(f1c4920ad7c362d43bab5a55f8ba298c) Importer(815301076,1909f56bfc062723c751e8b465ee728b)
Number of updated assets reloaded before import = 0
Start importing Assets/Cainos/Pixel Art Top Down - Basic/Tile Palette/TP Stone Ground/TX Tileset Stone Ground_44.asset using Guid(f1c4920ad7c362d43bab5a55f8ba298c) Importer(815301076,1909f56bfc062723c751e8b465ee728b)  -> (artifact id: '594e278270f94ba562d82117565fb507') in 0.013115 seconds 
Number of asset objects unloaded after import = 3
========================================================================
Received Import Request.
  Time since last request: 0.031606 seconds.
  path: Assets/Cainos/Pixel Art Top Down - Basic/Tile Palette/TP Stone Ground/TX Tileset Stone Ground_49.asset
  artifactKey: Guid(d10c0d9020c08704a8956f246436fdb3) Importer(815301076,1909f56bfc062723c751e8b465ee728b)
Number of updated assets reloaded before import = 0
Start importing Assets/Cainos/Pixel Art Top Down - Basic/Tile Palette/TP Stone Ground/TX Tileset Stone Ground_49.asset using Guid(d10c0d9020c08704a8956f246436fdb3) Importer(815301076,1909f56bfc062723c751e8b465ee728b)  -> (artifact id: 'cd9bdfbf3eb975ad1689a2e13a5a6e1b') in 0.012867 seconds 
Number of asset objects unloaded after import = 3
========================================================================
Received Import Request.
  Time since last request: 8.076041 seconds.
  path: Assets/Cainos/Pixel Art Top Down - Basic/Tile Palette/TP Grass
  artifactKey: Guid(3121f6ec1da5159418c5665c84e58ff8) Importer(815301076,1909f56bfc062723c751e8b465ee728b)
Number of updated assets reloaded before import = 0
Start importing Assets/Cainos/Pixel Art Top Down - Basic/Tile Palette/TP Grass using Guid(3121f6ec1da5159418c5665c84e58ff8) Importer(815301076,1909f56bfc062723c751e8b465ee728b)  -> (artifact id: 'a8594c70fc252f79df89e0c04f9244db') in 0.003434 seconds 
Number of asset objects unloaded after import = 0
========================================================================
Received Import Request.
  Time since last request: 0.030621 seconds.
  path: Assets/Cainos/Pixel Art Top Down - Basic/Tile Palette/TP Grass/TX Tileset Grass 0.asset
  artifactKey: Guid(7b6e368fc0ee90b4ca09e0f71344589a) Importer(815301076,1909f56bfc062723c751e8b465ee728b)
Number of updated assets reloaded before import = 0
Start importing Assets/Cainos/Pixel Art Top Down - Basic/Tile Palette/TP Grass/TX Tileset Grass 0.asset using Guid(7b6e368fc0ee90b4ca09e0f71344589a) Importer(815301076,1909f56bfc062723c751e8b465ee728b)  -> (artifact id: 'edab0e2817282494f7795337ee60404a') in 0.015460 seconds 
Number of asset objects unloaded after import = 3
========================================================================
Received Import Request.
  Time since last request: 0.000025 seconds.
  path: Assets/Cainos/Pixel Art Top Down - Basic/Tile Palette/TP Grass/TX Tileset Grass Flower 0.asset
  artifactKey: Guid(4c8943e2da4e8964bb3eb170c1aaba9f) Importer(815301076,1909f56bfc062723c751e8b465ee728b)
Number of updated assets reloaded before import = 0
Start importing Assets/Cainos/Pixel Art Top Down - Basic/Tile Palette/TP Grass/TX Tileset Grass Flower 0.asset using Guid(4c8943e2da4e8964bb3eb170c1aaba9f) Importer(815301076,1909f56bfc062723c751e8b465ee728b)  -> (artifact id: 'ae6c05075c2cf222f12e5e866e807948') in 0.018312 seconds 
Number of asset objects unloaded after import = 3
========================================================================
Received Import Request.
  Time since last request: 0.000025 seconds.
  path: Assets/Cainos/Pixel Art Top Down - Basic/Tile Palette/TP Grass/TX Tileset Grass Flower 6.asset
  artifactKey: Guid(162b2c3c7ed3c8240995ad1799a0339a) Importer(815301076,1909f56bfc062723c751e8b465ee728b)
Number of updated assets reloaded before import = 0
Start importing Assets/Cainos/Pixel Art Top Down - Basic/Tile Palette/TP Grass/TX Tileset Grass Flower 6.asset using Guid(162b2c3c7ed3c8240995ad1799a0339a) Importer(815301076,1909f56bfc062723c751e8b465ee728b)  -> (artifact id: 'f1349eca561f9b66569a17f782e3b4b1') in 0.018903 seconds 
Number of asset objects unloaded after import = 3
========================================================================
Received Import Request.
  Time since last request: 0.000118 seconds.
  path: Assets/Cainos/Pixel Art Top Down - Basic/Tile Palette/TP Grass/TX Tileset Grass Flower 11.asset
  artifactKey: Guid(2c670dc28da29e54da4c78aac2caebe8) Importer(815301076,1909f56bfc062723c751e8b465ee728b)
Number of updated assets reloaded before import = 0
Start importing Assets/Cainos/Pixel Art Top Down - Basic/Tile Palette/TP Grass/TX Tileset Grass Flower 11.asset using Guid(2c670dc28da29e54da4c78aac2caebe8) Importer(815301076,1909f56bfc062723c751e8b465ee728b)  -> (artifact id: '19f2886ee9e6ec42051dda1f155e51ae') in 0.019621 seconds 
Number of asset objects unloaded after import = 3
========================================================================
Received Import Request.
  Time since last request: 0.000034 seconds.
  path: Assets/Cainos/Pixel Art Top Down - Basic/Tile Palette/TP Grass/TX Tileset Grass Flower 8.asset
  artifactKey: Guid(a9932c56762082e42ae3a877f0c79f7d) Importer(815301076,1909f56bfc062723c751e8b465ee728b)
Number of updated assets reloaded before import = 0
Start importing Assets/Cainos/Pixel Art Top Down - Basic/Tile Palette/TP Grass/TX Tileset Grass Flower 8.asset using Guid(a9932c56762082e42ae3a877f0c79f7d) Importer(815301076,1909f56bfc062723c751e8b465ee728b)  -> (artifact id: 'ad770adeee8b63ec0d1992cca387a11e') in 0.022895 seconds 
Number of asset objects unloaded after import = 3
========================================================================
Received Import Request.
  Time since last request: 0.000041 seconds.
  path: Assets/Cainos/Pixel Art Top Down - Basic/Tile Palette/TP Grass/TX Tileset Grass Flower 5.asset
  artifactKey: Guid(fedd651a42c94b044bf92e0da3bb53df) Importer(815301076,1909f56bfc062723c751e8b465ee728b)
Number of updated assets reloaded before import = 0
Start importing Assets/Cainos/Pixel Art Top Down - Basic/Tile Palette/TP Grass/TX Tileset Grass Flower 5.asset using Guid(fedd651a42c94b044bf92e0da3bb53df) Importer(815301076,1909f56bfc062723c751e8b465ee728b)  -> (artifact id: '7f3498c404230808a627504b3c0ee9eb') in 0.015963 seconds 
Number of asset objects unloaded after import = 3
========================================================================
Received Import Request.
  Time since last request: 0.000100 seconds.
  path: Assets/Cainos/Pixel Art Top Down - Basic/Tile Palette/TP Grass/TX Tileset Grass Flower 3.asset
  artifactKey: Guid(78357bde4dab3464886f927c077dc765) Importer(815301076,1909f56bfc062723c751e8b465ee728b)
Number of updated assets reloaded before import = 0
Start importing Assets/Cainos/Pixel Art Top Down - Basic/Tile Palette/TP Grass/TX Tileset Grass Flower 3.asset using Guid(78357bde4dab3464886f927c077dc765) Importer(815301076,1909f56bfc062723c751e8b465ee728b)  -> (artifact id: '1612209403b76de89924a0bbc8663a69') in 0.016610 seconds 
Number of asset objects unloaded after import = 3
========================================================================
Received Import Request.
  Time since last request: 0.586664 seconds.
  path: Assets/Cainos/Pixel Art Top Down - Basic/Tile Palette/TP Grass/TX Tileset Grass Pavement 5.asset
  artifactKey: Guid(9d261fa57a186304eb7c71bcd3920f52) Importer(815301076,1909f56bfc062723c751e8b465ee728b)
Number of updated assets reloaded before import = 0
Start importing Assets/Cainos/Pixel Art Top Down - Basic/Tile Palette/TP Grass/TX Tileset Grass Pavement 5.asset using Guid(9d261fa57a186304eb7c71bcd3920f52) Importer(815301076,1909f56bfc062723c751e8b465ee728b)  -> (artifact id: '0d3fd45383fc22c671336fb019db80ed') in 0.011364 seconds 
Number of asset objects unloaded after import = 3
========================================================================
Received Import Request.
  Time since last request: 0.000021 seconds.
  path: Assets/Cainos/Pixel Art Top Down - Basic/Tile Palette/TP Grass/TX Tileset Grass_36.asset
  artifactKey: Guid(25c92bd1a1b2eda46b08a2414b277305) Importer(815301076,1909f56bfc062723c751e8b465ee728b)
Number of updated assets reloaded before import = 0
Start importing Assets/Cainos/Pixel Art Top Down - Basic/Tile Palette/TP Grass/TX Tileset Grass_36.asset using Guid(25c92bd1a1b2eda46b08a2414b277305) Importer(815301076,1909f56bfc062723c751e8b465ee728b)  -> (artifact id: '5756e5dd74f7a7fbc8c8e825922d87b4') in 0.016302 seconds 
Number of asset objects unloaded after import = 3
========================================================================
Received Import Request.
  Time since last request: 0.000056 seconds.
  path: Assets/Cainos/Pixel Art Top Down - Basic/Tile Palette/TP Grass/TX Tileset Grass_37.asset
  artifactKey: Guid(72c1868f4ec438b4bb1113f44fa5c176) Importer(815301076,1909f56bfc062723c751e8b465ee728b)
Number of updated assets reloaded before import = 0
Start importing Assets/Cainos/Pixel Art Top Down - Basic/Tile Palette/TP Grass/TX Tileset Grass_37.asset using Guid(72c1868f4ec438b4bb1113f44fa5c176) Importer(815301076,1909f56bfc062723c751e8b465ee728b)  -> (artifact id: '0acc19d9b8d9d081ddaab1b4bc68d6f6') in 0.014852 seconds 
Number of asset objects unloaded after import = 3
========================================================================
Received Import Request.
  Time since last request: 0.032197 seconds.
  path: Assets/Cainos/Pixel Art Top Down - Basic/Tile Palette/TP Grass/TX Tileset Grass_45.asset
  artifactKey: Guid(ded49c94886a1af41a1b1025eadf0a6c) Importer(815301076,1909f56bfc062723c751e8b465ee728b)
Number of updated assets reloaded before import = 0
Start importing Assets/Cainos/Pixel Art Top Down - Basic/Tile Palette/TP Grass/TX Tileset Grass_45.asset using Guid(ded49c94886a1af41a1b1025eadf0a6c) Importer(815301076,1909f56bfc062723c751e8b465ee728b)  -> (artifact id: '3e4c63f209690e13290aa2bd665830b4') in 0.020595 seconds 
Number of asset objects unloaded after import = 3
========================================================================
Received Import Request.
  Time since last request: 0.000022 seconds.
  path: Assets/Cainos/Pixel Art Top Down - Basic/Tile Palette/TP Grass/TX Tileset Grass_53.asset
  artifactKey: Guid(b582a793ebd123e4ba5f4ca704ed259e) Importer(815301076,1909f56bfc062723c751e8b465ee728b)
Number of updated assets reloaded before import = 0
Start importing Assets/Cainos/Pixel Art Top Down - Basic/Tile Palette/TP Grass/TX Tileset Grass_53.asset using Guid(b582a793ebd123e4ba5f4ca704ed259e) Importer(815301076,1909f56bfc062723c751e8b465ee728b)  -> (artifact id: '62a20deea2a13232d94dd665970c060d') in 0.019505 seconds 
Number of asset objects unloaded after import = 3
========================================================================
Received Import Request.
  Time since last request: 0.520500 seconds.
  path: Assets/Cainos/Pixel Art Top Down - Basic/Tile Palette/TP Grass/TX Tileset Grass_61.asset
  artifactKey: Guid(780dbc86f9d96cb4ea6eb80cedc5297f) Importer(815301076,1909f56bfc062723c751e8b465ee728b)
Number of updated assets reloaded before import = 0
Start importing Assets/Cainos/Pixel Art Top Down - Basic/Tile Palette/TP Grass/TX Tileset Grass_61.asset using Guid(780dbc86f9d96cb4ea6eb80cedc5297f) Importer(815301076,1909f56bfc062723c751e8b465ee728b)  -> (artifact id: 'c1be406bef18245ad7597f43b0137548') in 0.016910 seconds 
Number of asset objects unloaded after import = 3
========================================================================
Received Import Request.
  Time since last request: 91.173855 seconds.
  path: Assets/Cainos/Pixel Art Top Down - Basic/Prefab/Plant/PF Grass A.prefab
  artifactKey: Guid(a0a66c9b152e801409fc26c4ca493d18) Importer(815301076,1909f56bfc062723c751e8b465ee728b)
Number of updated assets reloaded before import = 0
Start importing Assets/Cainos/Pixel Art Top Down - Basic/Prefab/Plant/PF Grass A.prefab using Guid(a0a66c9b152e801409fc26c4ca493d18) Importer(815301076,1909f56bfc062723c751e8b465ee728b)  -> (artifact id: '492faafd927edd030846b0440da703b2') in 0.013232 seconds 
Number of asset objects unloaded after import = 7
